2024-11-22T10:50:30.391+05:30  INFO 18660 --- [Employee-Project] [main] c.e.E.P.EmployeeProjectApplication       : Starting EmployeeProjectApplication using Java 17.0.12 with PID 18660 (D:\spring\Employee-Project\target\classes started by anush in D:\spring\Employee-Project)
2024-11-22T10:50:30.395+05:30  INFO 18660 --- [Employee-Project] [main] c.e.E.P.EmployeeProjectApplication       : No active profile set, falling back to 1 default profile: "default"
2024-11-22T10:50:32.040+05:30  INFO 18660 --- [Employee-Project] [main] .s.d.r.c.RepositoryConfigurationDelegate : Bootstrapping Spring Data JPA repositories in DEFAULT mode.
2024-11-22T10:50:32.313+05:30  INFO 18660 --- [Employee-Project] [main] .s.d.r.c.RepositoryConfigurationDelegate : Finished Spring Data repository scanning in 261 ms. Found 1 JPA repository interface.
2024-11-22T10:50:34.357+05:30  INFO 18660 --- [Employee-Project] [main] o.s.b.w.embedded.tomcat.TomcatWebServer  : Tomcat initialized with port 8081 (http)
2024-11-22T10:50:34.379+05:30  INFO 18660 --- [Employee-Project] [main] o.apache.catalina.core.StandardService   : Starting service [Tomcat]
2024-11-22T10:50:34.381+05:30  INFO 18660 --- [Employee-Project] [main] o.apache.catalina.core.StandardEngine    : Starting Servlet engine: [Apache Tomcat/10.1.33]
2024-11-22T10:50:34.954+05:30  INFO 18660 --- [Employee-Project] [main] o.a.c.c.C.[Tomcat].[localhost].[/]       : Initializing Spring embedded WebApplicationContext
2024-11-22T10:50:34.956+05:30  INFO 18660 --- [Employee-Project] [main] w.s.c.ServletWebServerApplicationContext : Root WebApplicationContext: initialization completed in 4491 ms
2024-11-22T10:50:35.510+05:30  INFO 18660 --- [Employee-Project] [main] com.zaxxer.hikari.HikariDataSource       : HikariPool-1 - Starting...
2024-11-22T10:50:36.306+05:30  INFO 18660 --- [Employee-Project] [main] com.zaxxer.hikari.pool.HikariPool        : HikariPool-1 - Added connection conn0: url=jdbc:h2:mem:testdb user=SA
2024-11-22T10:50:36.308+05:30  INFO 18660 --- [Employee-Project] [main] com.zaxxer.hikari.HikariDataSource       : HikariPool-1 - Start completed.
2024-11-22T10:50:36.333+05:30  INFO 18660 --- [Employee-Project] [main] o.s.b.a.h2.H2ConsoleAutoConfiguration    : H2 console available at '/h2-console'. Database available at 'jdbc:h2:mem:testdb'
2024-11-22T10:50:36.695+05:30  INFO 18660 --- [Employee-Project] [main] o.hibernate.jpa.internal.util.LogHelper  : HHH000204: Processing PersistenceUnitInfo [name: default]
2024-11-22T10:50:36.888+05:30  INFO 18660 --- [Employee-Project] [main] org.hibernate.Version                    : HHH000412: Hibernate ORM core version 6.6.2.Final
2024-11-22T10:50:36.951+05:30  INFO 18660 --- [Employee-Project] [main] o.h.c.internal.RegionFactoryInitiator    : HHH000026: Second-level cache disabled
2024-11-22T10:50:37.528+05:30  INFO 18660 --- [Employee-Project] [main] o.s.o.j.p.SpringPersistenceUnitInfo      : No LoadTimeWeaver setup: ignoring JPA class transformer
2024-11-22T10:50:37.841+05:30  INFO 18660 --- [Employee-Project] [main] org.hibernate.orm.connections.pooling    : HHH10001005: Database info:
	Database JDBC URL [Connecting through datasource 'HikariDataSource (HikariPool-1)']
	Database driver: undefined/unknown
	Database version: 2.3.232
	Autocommit mode: undefined/unknown
	Isolation level: undefined/unknown
	Minimum pool size: undefined/unknown
	Maximum pool size: undefined/unknown
2024-11-22T10:50:39.178+05:30  INFO 18660 --- [Employee-Project] [main] o.h.e.t.j.p.i.JtaPlatformInitiator       : HHH000489: No JTA platform available (set 'hibernate.transaction.jta.platform' to enable JTA platform integration)
2024-11-22T10:50:39.201+05:30  INFO 18660 --- [Employee-Project] [main] j.LocalContainerEntityManagerFactoryBean : Initialized JPA EntityManagerFactory for persistence unit 'default'
2024-11-22T10:50:39.259+05:30  WARN 18660 --- [Employee-Project] [main] JpaBaseConfiguration$JpaWebConfiguration : spring.jpa.open-in-view is enabled by default. Therefore, database queries may be performed during view rendering. Explicitly configure spring.jpa.open-in-view to disable this warning
2024-11-22T10:50:40.465+05:30  INFO 18660 --- [Employee-Project] [main] o.s.b.w.embedded.tomcat.TomcatWebServer  : Tomcat started on port 8081 (http) with context path '/'
2024-11-22T10:50:40.479+05:30  INFO 18660 --- [Employee-Project] [main] c.e.E.P.EmployeeProjectApplication       : Started EmployeeProjectApplication in 10.642 seconds (process running for 13.003)
2024-11-22T10:52:29.703+05:30  INFO 18660 --- [Employee-Project] [http-nio-8081-exec-7] o.a.c.c.C.[Tomcat].[localhost].[/]       : Initializing Spring DispatcherServlet 'dispatcherServlet'
2024-11-22T10:52:29.709+05:30  INFO 18660 --- [Employee-Project] [http-nio-8081-exec-7] o.s.web.servlet.DispatcherServlet        : Initializing Servlet 'dispatcherServlet'
2024-11-22T10:52:29.711+05:30  INFO 18660 --- [Employee-Project] [http-nio-8081-exec-7] o.s.web.servlet.DispatcherServlet        : Completed initialization in 2 ms
2024-11-22T11:03:25.543+05:30  INFO 18660 --- [Employee-Project] [SpringApplicationShutdownHook] o.s.b.w.e.tomcat.GracefulShutdown        : Commencing graceful shutdown. Waiting for active requests to complete
2024-11-22T11:03:25.737+05:30  INFO 18660 --- [Employee-Project] [tomcat-shutdown] o.s.b.w.e.tomcat.GracefulShutdown        : Graceful shutdown complete
2024-11-22T11:03:25.749+05:30  INFO 18660 --- [Employee-Project] [SpringApplicationShutdownHook] j.LocalContainerEntityManagerFactoryBean : Closing JPA EntityManagerFactory for persistence unit 'default'
2024-11-22T11:03:25.787+05:30  INFO 18660 --- [Employee-Project] [SpringApplicationShutdownHook] com.zaxxer.hikari.HikariDataSource       : HikariPool-1 - Shutdown initiated...
2024-11-22T11:03:25.793+05:30  INFO 18660 --- [Employee-Project] [SpringApplicationShutdownHook] com.zaxxer.hikari.HikariDataSource       : HikariPool-1 - Shutdown completed.
2024-11-22T11:03:30.693+05:30  INFO 10536 --- [Employee-Project] [main] c.e.E.P.EmployeeProjectApplication       : Starting EmployeeProjectApplication using Java 17.0.12 with PID 10536 (D:\spring\Employee-Project\target\classes started by anush in D:\spring\Employee-Project)
2024-11-22T11:03:30.697+05:30  INFO 10536 --- [Employee-Project] [main] c.e.E.P.EmployeeProjectApplication       : No active profile set, falling back to 1 default profile: "default"
2024-11-22T11:03:31.628+05:30  INFO 10536 --- [Employee-Project] [main] .s.d.r.c.RepositoryConfigurationDelegate : Bootstrapping Spring Data JPA repositories in DEFAULT mode.
2024-11-22T11:03:31.745+05:30  INFO 10536 --- [Employee-Project] [main] .s.d.r.c.RepositoryConfigurationDelegate : Finished Spring Data repository scanning in 102 ms. Found 1 JPA repository interface.
2024-11-22T11:03:32.497+05:30  INFO 10536 --- [Employee-Project] [main] o.s.b.w.embedded.tomcat.TomcatWebServer  : Tomcat initialized with port 8081 (http)
2024-11-22T11:03:32.516+05:30  INFO 10536 --- [Employee-Project] [main] o.apache.catalina.core.StandardService   : Starting service [Tomcat]
2024-11-22T11:03:32.517+05:30  INFO 10536 --- [Employee-Project] [main] o.apache.catalina.core.StandardEngine    : Starting Servlet engine: [Apache Tomcat/10.1.33]
2024-11-22T11:03:32.593+05:30  INFO 10536 --- [Employee-Project] [main] o.a.c.c.C.[Tomcat].[localhost].[/]       : Initializing Spring embedded WebApplicationContext
2024-11-22T11:03:32.594+05:30  INFO 10536 --- [Employee-Project] [main] w.s.c.ServletWebServerApplicationContext : Root WebApplicationContext: initialization completed in 1825 ms
2024-11-22T11:03:32.633+05:30  INFO 10536 --- [Employee-Project] [main] com.zaxxer.hikari.HikariDataSource       : HikariPool-1 - Starting...
2024-11-22T11:03:32.872+05:30  INFO 10536 --- [Employee-Project] [main] com.zaxxer.hikari.pool.HikariPool        : HikariPool-1 - Added connection conn0: url=jdbc:h2:mem:testdb user=SA
2024-11-22T11:03:32.874+05:30  INFO 10536 --- [Employee-Project] [main] com.zaxxer.hikari.HikariDataSource       : HikariPool-1 - Start completed.
2024-11-22T11:03:32.887+05:30  INFO 10536 --- [Employee-Project] [main] o.s.b.a.h2.H2ConsoleAutoConfiguration    : H2 console available at '/h2-console'. Database available at 'jdbc:h2:mem:testdb'
2024-11-22T11:03:33.275+05:30  INFO 10536 --- [Employee-Project] [main] o.hibernate.jpa.internal.util.LogHelper  : HHH000204: Processing PersistenceUnitInfo [name: default]
2024-11-22T11:03:33.345+05:30  INFO 10536 --- [Employee-Project] [main] org.hibernate.Version                    : HHH000412: Hibernate ORM core version 6.6.2.Final
2024-11-22T11:03:33.390+05:30  INFO 10536 --- [Employee-Project] [main] o.h.c.internal.RegionFactoryInitiator    : HHH000026: Second-level cache disabled
2024-11-22T11:03:33.695+05:30  INFO 10536 --- [Employee-Project] [main] o.s.o.j.p.SpringPersistenceUnitInfo      : No LoadTimeWeaver setup: ignoring JPA class transformer
2024-11-22T11:03:33.783+05:30  INFO 10536 --- [Employee-Project] [main] org.hibernate.orm.connections.pooling    : HHH10001005: Database info:
	Database JDBC URL [Connecting through datasource 'HikariDataSource (HikariPool-1)']
	Database driver: undefined/unknown
	Database version: 2.3.232
	Autocommit mode: undefined/unknown
	Isolation level: undefined/unknown
	Minimum pool size: undefined/unknown
	Maximum pool size: undefined/unknown
2024-11-22T11:03:34.721+05:30  INFO 10536 --- [Employee-Project] [main] o.h.e.t.j.p.i.JtaPlatformInitiator       : HHH000489: No JTA platform available (set 'hibernate.transaction.jta.platform' to enable JTA platform integration)
2024-11-22T11:03:34.742+05:30  INFO 10536 --- [Employee-Project] [main] j.LocalContainerEntityManagerFactoryBean : Initialized JPA EntityManagerFactory for persistence unit 'default'
2024-11-22T11:03:34.751+05:30  WARN 10536 --- [Employee-Project] [main] ConfigServletWebServerApplicationContext : Exception encountered during context initialization - cancelling refresh attempt: org.springframework.beans.factory.UnsatisfiedDependencyException: Error creating bean with name 'myController': Unsatisfied dependency expressed through field 'empService': No qualifying bean of type 'com.example.Employee.Project.service.EmpServiceImpl' available: expected at least 1 bean which qualifies as autowire candidate. Dependency annotations: {@org.springframework.beans.factory.annotation.Autowired(required=true)}
2024-11-22T11:03:34.752+05:30  INFO 10536 --- [Employee-Project] [main] j.LocalContainerEntityManagerFactoryBean : Closing JPA EntityManagerFactory for persistence unit 'default'
2024-11-22T11:03:34.755+05:30  INFO 10536 --- [Employee-Project] [main] com.zaxxer.hikari.HikariDataSource       : HikariPool-1 - Shutdown initiated...
2024-11-22T11:03:34.758+05:30  INFO 10536 --- [Employee-Project] [main] com.zaxxer.hikari.HikariDataSource       : HikariPool-1 - Shutdown completed.
2024-11-22T11:03:34.760+05:30  INFO 10536 --- [Employee-Project] [main] o.apache.catalina.core.StandardService   : Stopping service [Tomcat]
2024-11-22T11:03:34.768+05:30  INFO 10536 --- [Employee-Project] [main] .s.b.a.l.ConditionEvaluationReportLogger : 

Error starting ApplicationContext. To display the condition evaluation report re-run your application with 'debug' enabled.
2024-11-22T11:03:34.794+05:30 ERROR 10536 --- [Employee-Project] [main] o.s.b.d.LoggingFailureAnalysisReporter   : 

***************************
APPLICATION FAILED TO START
***************************

Description:

Field empService in com.example.Employee.Project.controller.MyController required a bean of type 'com.example.Employee.Project.service.EmpServiceImpl' that could not be found.

The injection point has the following annotations:
	- @org.springframework.beans.factory.annotation.Autowired(required=true)


Action:

Consider defining a bean of type 'com.example.Employee.Project.service.EmpServiceImpl' in your configuration.

2024-11-22T11:05:22.955+05:30  INFO 23284 --- [Employee-Project] [main] c.e.E.P.EmployeeProjectApplication       : Starting EmployeeProjectApplication using Java 17.0.12 with PID 23284 (D:\spring\Employee-Project\target\classes started by anush in D:\spring\Employee-Project)
2024-11-22T11:05:22.971+05:30  INFO 23284 --- [Employee-Project] [main] c.e.E.P.EmployeeProjectApplication       : No active profile set, falling back to 1 default profile: "default"
2024-11-22T11:05:23.830+05:30  INFO 23284 --- [Employee-Project] [main] .s.d.r.c.RepositoryConfigurationDelegate : Bootstrapping Spring Data JPA repositories in DEFAULT mode.
2024-11-22T11:05:23.924+05:30  INFO 23284 --- [Employee-Project] [main] .s.d.r.c.RepositoryConfigurationDelegate : Finished Spring Data repository scanning in 82 ms. Found 1 JPA repository interface.
2024-11-22T11:05:24.768+05:30  INFO 23284 --- [Employee-Project] [main] o.s.b.w.embedded.tomcat.TomcatWebServer  : Tomcat initialized with port 8081 (http)
2024-11-22T11:05:24.783+05:30  INFO 23284 --- [Employee-Project] [main] o.apache.catalina.core.StandardService   : Starting service [Tomcat]
2024-11-22T11:05:24.783+05:30  INFO 23284 --- [Employee-Project] [main] o.apache.catalina.core.StandardEngine    : Starting Servlet engine: [Apache Tomcat/10.1.33]
2024-11-22T11:05:24.857+05:30  INFO 23284 --- [Employee-Project] [main] o.a.c.c.C.[Tomcat].[localhost].[/]       : Initializing Spring embedded WebApplicationContext
2024-11-22T11:05:24.857+05:30  INFO 23284 --- [Employee-Project] [main] w.s.c.ServletWebServerApplicationContext : Root WebApplicationContext: initialization completed in 1812 ms
2024-11-22T11:05:24.895+05:30  INFO 23284 --- [Employee-Project] [main] com.zaxxer.hikari.HikariDataSource       : HikariPool-1 - Starting...
2024-11-22T11:05:25.142+05:30  INFO 23284 --- [Employee-Project] [main] com.zaxxer.hikari.pool.HikariPool        : HikariPool-1 - Added connection conn0: url=jdbc:h2:mem:testdb user=SA
2024-11-22T11:05:25.143+05:30  INFO 23284 --- [Employee-Project] [main] com.zaxxer.hikari.HikariDataSource       : HikariPool-1 - Start completed.
2024-11-22T11:05:25.155+05:30  INFO 23284 --- [Employee-Project] [main] o.s.b.a.h2.H2ConsoleAutoConfiguration    : H2 console available at '/h2-console'. Database available at 'jdbc:h2:mem:testdb'
2024-11-22T11:05:25.419+05:30  INFO 23284 --- [Employee-Project] [main] o.hibernate.jpa.internal.util.LogHelper  : HHH000204: Processing PersistenceUnitInfo [name: default]
2024-11-22T11:05:25.618+05:30  INFO 23284 --- [Employee-Project] [main] org.hibernate.Version                    : HHH000412: Hibernate ORM core version 6.6.2.Final
2024-11-22T11:05:25.664+05:30  INFO 23284 --- [Employee-Project] [main] o.h.c.internal.RegionFactoryInitiator    : HHH000026: Second-level cache disabled
2024-11-22T11:05:26.021+05:30  INFO 23284 --- [Employee-Project] [main] o.s.o.j.p.SpringPersistenceUnitInfo      : No LoadTimeWeaver setup: ignoring JPA class transformer
2024-11-22T11:05:26.106+05:30  INFO 23284 --- [Employee-Project] [main] org.hibernate.orm.connections.pooling    : HHH10001005: Database info:
	Database JDBC URL [Connecting through datasource 'HikariDataSource (HikariPool-1)']
	Database driver: undefined/unknown
	Database version: 2.3.232
	Autocommit mode: undefined/unknown
	Isolation level: undefined/unknown
	Minimum pool size: undefined/unknown
	Maximum pool size: undefined/unknown
2024-11-22T11:05:26.875+05:30  INFO 23284 --- [Employee-Project] [main] o.h.e.t.j.p.i.JtaPlatformInitiator       : HHH000489: No JTA platform available (set 'hibernate.transaction.jta.platform' to enable JTA platform integration)
2024-11-22T11:05:26.893+05:30  INFO 23284 --- [Employee-Project] [main] j.LocalContainerEntityManagerFactoryBean : Initialized JPA EntityManagerFactory for persistence unit 'default'
2024-11-22T11:05:27.205+05:30  WARN 23284 --- [Employee-Project] [main] JpaBaseConfiguration$JpaWebConfiguration : spring.jpa.open-in-view is enabled by default. Therefore, database queries may be performed during view rendering. Explicitly configure spring.jpa.open-in-view to disable this warning
2024-11-22T11:05:27.690+05:30  INFO 23284 --- [Employee-Project] [main] o.s.b.w.embedded.tomcat.TomcatWebServer  : Tomcat started on port 8081 (http) with context path '/'
2024-11-22T11:05:27.701+05:30  INFO 23284 --- [Employee-Project] [main] c.e.E.P.EmployeeProjectApplication       : Started EmployeeProjectApplication in 5.27 seconds (process running for 5.677)
2024-11-22T11:08:43.220+05:30  INFO 23284 --- [Employee-Project] [SpringApplicationShutdownHook] o.s.b.w.e.tomcat.GracefulShutdown        : Commencing graceful shutdown. Waiting for active requests to complete
2024-11-22T11:08:43.378+05:30  INFO 23284 --- [Employee-Project] [tomcat-shutdown] o.s.b.w.e.tomcat.GracefulShutdown        : Graceful shutdown complete
2024-11-22T11:08:43.380+05:30  INFO 23284 --- [Employee-Project] [SpringApplicationShutdownHook] j.LocalContainerEntityManagerFactoryBean : Closing JPA EntityManagerFactory for persistence unit 'default'
2024-11-22T11:08:43.384+05:30  INFO 23284 --- [Employee-Project] [SpringApplicationShutdownHook] com.zaxxer.hikari.HikariDataSource       : HikariPool-1 - Shutdown initiated...
2024-11-22T11:08:43.386+05:30  INFO 23284 --- [Employee-Project] [SpringApplicationShutdownHook] com.zaxxer.hikari.HikariDataSource       : HikariPool-1 - Shutdown completed.
2024-11-22T11:08:48.262+05:30  INFO 20012 --- [Employee-Project] [main] c.e.E.P.EmployeeProjectApplication       : Starting EmployeeProjectApplication using Java 17.0.12 with PID 20012 (D:\spring\Employee-Project\target\classes started by anush in D:\spring\Employee-Project)
2024-11-22T11:08:48.265+05:30  INFO 20012 --- [Employee-Project] [main] c.e.E.P.EmployeeProjectApplication       : No active profile set, falling back to 1 default profile: "default"
2024-11-22T11:08:49.240+05:30  INFO 20012 --- [Employee-Project] [main] .s.d.r.c.RepositoryConfigurationDelegate : Bootstrapping Spring Data JPA repositories in DEFAULT mode.
2024-11-22T11:08:49.366+05:30  INFO 20012 --- [Employee-Project] [main] .s.d.r.c.RepositoryConfigurationDelegate : Finished Spring Data repository scanning in 110 ms. Found 1 JPA repository interface.
2024-11-22T11:08:50.294+05:30  INFO 20012 --- [Employee-Project] [main] o.s.b.w.embedded.tomcat.TomcatWebServer  : Tomcat initialized with port 8081 (http)
2024-11-22T11:08:50.319+05:30  INFO 20012 --- [Employee-Project] [main] o.apache.catalina.core.StandardService   : Starting service [Tomcat]
2024-11-22T11:08:50.320+05:30  INFO 20012 --- [Employee-Project] [main] o.apache.catalina.core.StandardEngine    : Starting Servlet engine: [Apache Tomcat/10.1.33]
2024-11-22T11:08:50.526+05:30  INFO 20012 --- [Employee-Project] [main] o.a.c.c.C.[Tomcat].[localhost].[/]       : Initializing Spring embedded WebApplicationContext
2024-11-22T11:08:50.528+05:30  INFO 20012 --- [Employee-Project] [main] w.s.c.ServletWebServerApplicationContext : Root WebApplicationContext: initialization completed in 2183 ms
2024-11-22T11:08:50.710+05:30  INFO 20012 --- [Employee-Project] [main] com.zaxxer.hikari.HikariDataSource       : HikariPool-1 - Starting...
2024-11-22T11:08:50.979+05:30  INFO 20012 --- [Employee-Project] [main] com.zaxxer.hikari.pool.HikariPool        : HikariPool-1 - Added connection conn0: url=jdbc:h2:mem:testdb user=SA
2024-11-22T11:08:50.981+05:30  INFO 20012 --- [Employee-Project] [main] com.zaxxer.hikari.HikariDataSource       : HikariPool-1 - Start completed.
2024-11-22T11:08:50.993+05:30  INFO 20012 --- [Employee-Project] [main] o.s.b.a.h2.H2ConsoleAutoConfiguration    : H2 console available at '/h2-console'. Database available at 'jdbc:h2:mem:testdb'
2024-11-22T11:08:51.167+05:30  INFO 20012 --- [Employee-Project] [main] o.hibernate.jpa.internal.util.LogHelper  : HHH000204: Processing PersistenceUnitInfo [name: default]
2024-11-22T11:08:51.263+05:30  INFO 20012 --- [Employee-Project] [main] org.hibernate.Version                    : HHH000412: Hibernate ORM core version 6.6.2.Final
2024-11-22T11:08:51.307+05:30  INFO 20012 --- [Employee-Project] [main] o.h.c.internal.RegionFactoryInitiator    : HHH000026: Second-level cache disabled
2024-11-22T11:08:51.613+05:30  INFO 20012 --- [Employee-Project] [main] o.s.o.j.p.SpringPersistenceUnitInfo      : No LoadTimeWeaver setup: ignoring JPA class transformer
2024-11-22T11:08:51.703+05:30  INFO 20012 --- [Employee-Project] [main] org.hibernate.orm.connections.pooling    : HHH10001005: Database info:
	Database JDBC URL [Connecting through datasource 'HikariDataSource (HikariPool-1)']
	Database driver: undefined/unknown
	Database version: 2.3.232
	Autocommit mode: undefined/unknown
	Isolation level: undefined/unknown
	Minimum pool size: undefined/unknown
	Maximum pool size: undefined/unknown
2024-11-22T11:08:52.591+05:30  INFO 20012 --- [Employee-Project] [main] o.h.e.t.j.p.i.JtaPlatformInitiator       : HHH000489: No JTA platform available (set 'hibernate.transaction.jta.platform' to enable JTA platform integration)
2024-11-22T11:08:52.623+05:30  INFO 20012 --- [Employee-Project] [main] j.LocalContainerEntityManagerFactoryBean : Initialized JPA EntityManagerFactory for persistence unit 'default'
2024-11-22T11:08:53.181+05:30  WARN 20012 --- [Employee-Project] [main] JpaBaseConfiguration$JpaWebConfiguration : spring.jpa.open-in-view is enabled by default. Therefore, database queries may be performed during view rendering. Explicitly configure spring.jpa.open-in-view to disable this warning
2024-11-22T11:08:53.781+05:30  INFO 20012 --- [Employee-Project] [main] o.s.b.w.embedded.tomcat.TomcatWebServer  : Tomcat started on port 8081 (http) with context path '/'
2024-11-22T11:08:53.803+05:30  INFO 20012 --- [Employee-Project] [main] c.e.E.P.EmployeeProjectApplication       : Started EmployeeProjectApplication in 6.146 seconds (process running for 6.576)
2024-11-22T11:08:54.625+05:30  INFO 23356 --- [Employee-Project] [main] c.e.E.P.EmployeeProjectApplication       : Starting EmployeeProjectApplication using Java 17.0.12 with PID 23356 (D:\spring\Employee-Project\target\classes started by anush in D:\spring\Employee-Project)
2024-11-22T11:08:54.629+05:30  INFO 23356 --- [Employee-Project] [main] c.e.E.P.EmployeeProjectApplication       : No active profile set, falling back to 1 default profile: "default"
2024-11-22T11:08:55.695+05:30  INFO 23356 --- [Employee-Project] [main] .s.d.r.c.RepositoryConfigurationDelegate : Bootstrapping Spring Data JPA repositories in DEFAULT mode.
2024-11-22T11:08:55.786+05:30  INFO 23356 --- [Employee-Project] [main] .s.d.r.c.RepositoryConfigurationDelegate : Finished Spring Data repository scanning in 80 ms. Found 1 JPA repository interface.
2024-11-22T11:08:56.522+05:30  INFO 23356 --- [Employee-Project] [main] o.s.b.w.embedded.tomcat.TomcatWebServer  : Tomcat initialized with port 8081 (http)
2024-11-22T11:08:56.535+05:30  INFO 23356 --- [Employee-Project] [main] o.apache.catalina.core.StandardService   : Starting service [Tomcat]
2024-11-22T11:08:56.536+05:30  INFO 23356 --- [Employee-Project] [main] o.apache.catalina.core.StandardEngine    : Starting Servlet engine: [Apache Tomcat/10.1.33]
2024-11-22T11:08:56.602+05:30  INFO 23356 --- [Employee-Project] [main] o.a.c.c.C.[Tomcat].[localhost].[/]       : Initializing Spring embedded WebApplicationContext
2024-11-22T11:08:56.602+05:30  INFO 23356 --- [Employee-Project] [main] w.s.c.ServletWebServerApplicationContext : Root WebApplicationContext: initialization completed in 1888 ms
2024-11-22T11:08:56.640+05:30  INFO 23356 --- [Employee-Project] [main] com.zaxxer.hikari.HikariDataSource       : HikariPool-1 - Starting...
2024-11-22T11:08:56.926+05:30  INFO 23356 --- [Employee-Project] [main] com.zaxxer.hikari.pool.HikariPool        : HikariPool-1 - Added connection conn0: url=jdbc:h2:mem:testdb user=SA
2024-11-22T11:08:56.928+05:30  INFO 23356 --- [Employee-Project] [main] com.zaxxer.hikari.HikariDataSource       : HikariPool-1 - Start completed.
2024-11-22T11:08:56.944+05:30  INFO 23356 --- [Employee-Project] [main] o.s.b.a.h2.H2ConsoleAutoConfiguration    : H2 console available at '/h2-console'. Database available at 'jdbc:h2:mem:testdb'
2024-11-22T11:08:57.876+05:30  INFO 23356 --- [Employee-Project] [main] o.hibernate.jpa.internal.util.LogHelper  : HHH000204: Processing PersistenceUnitInfo [name: default]
2024-11-22T11:08:57.936+05:30  INFO 23356 --- [Employee-Project] [main] org.hibernate.Version                    : HHH000412: Hibernate ORM core version 6.6.2.Final
2024-11-22T11:08:57.973+05:30  INFO 23356 --- [Employee-Project] [main] o.h.c.internal.RegionFactoryInitiator    : HHH000026: Second-level cache disabled
2024-11-22T11:08:58.249+05:30  INFO 23356 --- [Employee-Project] [main] o.s.o.j.p.SpringPersistenceUnitInfo      : No LoadTimeWeaver setup: ignoring JPA class transformer
2024-11-22T11:08:58.364+05:30  INFO 23356 --- [Employee-Project] [main] org.hibernate.orm.connections.pooling    : HHH10001005: Database info:
	Database JDBC URL [Connecting through datasource 'HikariDataSource (HikariPool-1)']
	Database driver: undefined/unknown
	Database version: 2.3.232
	Autocommit mode: undefined/unknown
	Isolation level: undefined/unknown
	Minimum pool size: undefined/unknown
	Maximum pool size: undefined/unknown
2024-11-22T11:08:59.340+05:30  INFO 23356 --- [Employee-Project] [main] o.h.e.t.j.p.i.JtaPlatformInitiator       : HHH000489: No JTA platform available (set 'hibernate.transaction.jta.platform' to enable JTA platform integration)
2024-11-22T11:08:59.366+05:30  INFO 23356 --- [Employee-Project] [main] j.LocalContainerEntityManagerFactoryBean : Initialized JPA EntityManagerFactory for persistence unit 'default'
2024-11-22T11:08:59.651+05:30  WARN 23356 --- [Employee-Project] [main] JpaBaseConfiguration$JpaWebConfiguration : spring.jpa.open-in-view is enabled by default. Therefore, database queries may be performed during view rendering. Explicitly configure spring.jpa.open-in-view to disable this warning
2024-11-22T11:09:00.041+05:30  WARN 23356 --- [Employee-Project] [main] ConfigServletWebServerApplicationContext : Exception encountered during context initialization - cancelling refresh attempt: org.springframework.context.ApplicationContextException: Failed to start bean 'webServerStartStop'
2024-11-22T11:09:00.042+05:30  INFO 23356 --- [Employee-Project] [main] j.LocalContainerEntityManagerFactoryBean : Closing JPA EntityManagerFactory for persistence unit 'default'
2024-11-22T11:09:00.047+05:30  INFO 23356 --- [Employee-Project] [main] com.zaxxer.hikari.HikariDataSource       : HikariPool-1 - Shutdown initiated...
2024-11-22T11:09:00.052+05:30  INFO 23356 --- [Employee-Project] [main] com.zaxxer.hikari.HikariDataSource       : HikariPool-1 - Shutdown completed.
2024-11-22T11:09:00.066+05:30  INFO 23356 --- [Employee-Project] [main] .s.b.a.l.ConditionEvaluationReportLogger : 

Error starting ApplicationContext. To display the condition evaluation report re-run your application with 'debug' enabled.
2024-11-22T11:09:00.090+05:30 ERROR 23356 --- [Employee-Project] [main] o.s.b.d.LoggingFailureAnalysisReporter   : 

***************************
APPLICATION FAILED TO START
***************************

Description:

Web server failed to start. Port 8081 was already in use.

Action:

Identify and stop the process that's listening on port 8081 or configure this application to listen on another port.

2024-11-22T11:09:35.806+05:30  INFO 20012 --- [Employee-Project] [SpringApplicationShutdownHook] o.s.b.w.e.tomcat.GracefulShutdown        : Commencing graceful shutdown. Waiting for active requests to complete
2024-11-22T11:09:35.965+05:30  INFO 20012 --- [Employee-Project] [tomcat-shutdown] o.s.b.w.e.tomcat.GracefulShutdown        : Graceful shutdown complete
2024-11-22T11:09:35.968+05:30  INFO 20012 --- [Employee-Project] [SpringApplicationShutdownHook] j.LocalContainerEntityManagerFactoryBean : Closing JPA EntityManagerFactory for persistence unit 'default'
2024-11-22T11:09:35.971+05:30  INFO 20012 --- [Employee-Project] [SpringApplicationShutdownHook] com.zaxxer.hikari.HikariDataSource       : HikariPool-1 - Shutdown initiated...
2024-11-22T11:09:35.975+05:30  INFO 20012 --- [Employee-Project] [SpringApplicationShutdownHook] com.zaxxer.hikari.HikariDataSource       : HikariPool-1 - Shutdown completed.
2024-11-22T11:09:38.188+05:30  INFO 23744 --- [Employee-Project] [main] c.e.E.P.EmployeeProjectApplication       : Starting EmployeeProjectApplication using Java 17.0.12 with PID 23744 (D:\spring\Employee-Project\target\classes started by anush in D:\spring\Employee-Project)
2024-11-22T11:09:38.192+05:30  INFO 23744 --- [Employee-Project] [main] c.e.E.P.EmployeeProjectApplication       : No active profile set, falling back to 1 default profile: "default"
2024-11-22T11:09:39.130+05:30  INFO 23744 --- [Employee-Project] [main] .s.d.r.c.RepositoryConfigurationDelegate : Bootstrapping Spring Data JPA repositories in DEFAULT mode.
2024-11-22T11:09:39.240+05:30  INFO 23744 --- [Employee-Project] [main] .s.d.r.c.RepositoryConfigurationDelegate : Finished Spring Data repository scanning in 96 ms. Found 1 JPA repository interface.
2024-11-22T11:09:40.014+05:30  INFO 23744 --- [Employee-Project] [main] o.s.b.w.embedded.tomcat.TomcatWebServer  : Tomcat initialized with port 8082 (http)
2024-11-22T11:09:40.031+05:30  INFO 23744 --- [Employee-Project] [main] o.apache.catalina.core.StandardService   : Starting service [Tomcat]
2024-11-22T11:09:40.031+05:30  INFO 23744 --- [Employee-Project] [main] o.apache.catalina.core.StandardEngine    : Starting Servlet engine: [Apache Tomcat/10.1.33]
2024-11-22T11:09:40.105+05:30  INFO 23744 --- [Employee-Project] [main] o.a.c.c.C.[Tomcat].[localhost].[/]       : Initializing Spring embedded WebApplicationContext
2024-11-22T11:09:40.106+05:30  INFO 23744 --- [Employee-Project] [main] w.s.c.ServletWebServerApplicationContext : Root WebApplicationContext: initialization completed in 1848 ms
2024-11-22T11:09:40.158+05:30  INFO 23744 --- [Employee-Project] [main] com.zaxxer.hikari.HikariDataSource       : HikariPool-1 - Starting...
2024-11-22T11:09:40.521+05:30  INFO 23744 --- [Employee-Project] [main] com.zaxxer.hikari.pool.HikariPool        : HikariPool-1 - Added connection conn0: url=jdbc:h2:mem:testdb user=SA
2024-11-22T11:09:40.563+05:30  INFO 23744 --- [Employee-Project] [main] com.zaxxer.hikari.HikariDataSource       : HikariPool-1 - Start completed.
2024-11-22T11:09:40.589+05:30  INFO 23744 --- [Employee-Project] [main] o.s.b.a.h2.H2ConsoleAutoConfiguration    : H2 console available at '/h2-console'. Database available at 'jdbc:h2:mem:testdb'
2024-11-22T11:09:40.890+05:30  INFO 23744 --- [Employee-Project] [main] o.hibernate.jpa.internal.util.LogHelper  : HHH000204: Processing PersistenceUnitInfo [name: default]
2024-11-22T11:09:40.954+05:30  INFO 23744 --- [Employee-Project] [main] org.hibernate.Version                    : HHH000412: Hibernate ORM core version 6.6.2.Final
2024-11-22T11:09:40.999+05:30  INFO 23744 --- [Employee-Project] [main] o.h.c.internal.RegionFactoryInitiator    : HHH000026: Second-level cache disabled
2024-11-22T11:09:41.284+05:30  INFO 23744 --- [Employee-Project] [main] o.s.o.j.p.SpringPersistenceUnitInfo      : No LoadTimeWeaver setup: ignoring JPA class transformer
2024-11-22T11:09:41.375+05:30  INFO 23744 --- [Employee-Project] [main] org.hibernate.orm.connections.pooling    : HHH10001005: Database info:
	Database JDBC URL [Connecting through datasource 'HikariDataSource (HikariPool-1)']
	Database driver: undefined/unknown
	Database version: 2.3.232
	Autocommit mode: undefined/unknown
	Isolation level: undefined/unknown
	Minimum pool size: undefined/unknown
	Maximum pool size: undefined/unknown
2024-11-22T11:09:42.154+05:30  INFO 23744 --- [Employee-Project] [main] o.h.e.t.j.p.i.JtaPlatformInitiator       : HHH000489: No JTA platform available (set 'hibernate.transaction.jta.platform' to enable JTA platform integration)
2024-11-22T11:09:42.176+05:30  INFO 23744 --- [Employee-Project] [main] j.LocalContainerEntityManagerFactoryBean : Initialized JPA EntityManagerFactory for persistence unit 'default'
2024-11-22T11:09:42.439+05:30  WARN 23744 --- [Employee-Project] [main] JpaBaseConfiguration$JpaWebConfiguration : spring.jpa.open-in-view is enabled by default. Therefore, database queries may be performed during view rendering. Explicitly configure spring.jpa.open-in-view to disable this warning
2024-11-22T11:09:42.898+05:30  INFO 23744 --- [Employee-Project] [main] o.s.b.w.embedded.tomcat.TomcatWebServer  : Tomcat started on port 8082 (http) with context path '/'
2024-11-22T11:09:42.912+05:30  INFO 23744 --- [Employee-Project] [main] c.e.E.P.EmployeeProjectApplication       : Started EmployeeProjectApplication in 5.258 seconds (process running for 5.68)
2024-11-22T11:11:43.410+05:30  INFO 23744 --- [Employee-Project] [http-nio-8082-exec-6] o.a.c.c.C.[Tomcat].[localhost].[/]       : Initializing Spring DispatcherServlet 'dispatcherServlet'
2024-11-22T11:11:43.411+05:30  INFO 23744 --- [Employee-Project] [http-nio-8082-exec-6] o.s.web.servlet.DispatcherServlet        : Initializing Servlet 'dispatcherServlet'
2024-11-22T11:11:43.413+05:30  INFO 23744 --- [Employee-Project] [http-nio-8082-exec-6] o.s.web.servlet.DispatcherServlet        : Completed initialization in 2 ms
2024-11-22T11:13:19.711+05:30  INFO 23744 --- [Employee-Project] [SpringApplicationShutdownHook] o.s.b.w.e.tomcat.GracefulShutdown        : Commencing graceful shutdown. Waiting for active requests to complete
2024-11-22T11:13:19.865+05:30  INFO 23744 --- [Employee-Project] [tomcat-shutdown] o.s.b.w.e.tomcat.GracefulShutdown        : Graceful shutdown complete
2024-11-22T11:13:19.868+05:30  INFO 23744 --- [Employee-Project] [SpringApplicationShutdownHook] j.LocalContainerEntityManagerFactoryBean : Closing JPA EntityManagerFactory for persistence unit 'default'
2024-11-22T11:13:19.872+05:30  INFO 23744 --- [Employee-Project] [SpringApplicationShutdownHook] com.zaxxer.hikari.HikariDataSource       : HikariPool-1 - Shutdown initiated...
2024-11-22T11:13:19.875+05:30  INFO 23744 --- [Employee-Project] [SpringApplicationShutdownHook] com.zaxxer.hikari.HikariDataSource       : HikariPool-1 - Shutdown completed.
2024-11-22T11:13:24.102+05:30  INFO 8140 --- [Employee-Project] [main] c.e.E.P.EmployeeProjectApplication       : Starting EmployeeProjectApplication using Java 17.0.12 with PID 8140 (D:\spring\Employee-Project\target\classes started by anush in D:\spring\Employee-Project)
2024-11-22T11:13:24.105+05:30  INFO 8140 --- [Employee-Project] [main] c.e.E.P.EmployeeProjectApplication       : No active profile set, falling back to 1 default profile: "default"
2024-11-22T11:13:25.287+05:30  INFO 8140 --- [Employee-Project] [main] .s.d.r.c.RepositoryConfigurationDelegate : Bootstrapping Spring Data JPA repositories in DEFAULT mode.
2024-11-22T11:13:25.390+05:30  INFO 8140 --- [Employee-Project] [main] .s.d.r.c.RepositoryConfigurationDelegate : Finished Spring Data repository scanning in 92 ms. Found 1 JPA repository interface.
2024-11-22T11:13:26.157+05:30  INFO 8140 --- [Employee-Project] [main] o.s.b.w.embedded.tomcat.TomcatWebServer  : Tomcat initialized with port 8082 (http)
2024-11-22T11:13:26.169+05:30  INFO 8140 --- [Employee-Project] [main] o.apache.catalina.core.StandardService   : Starting service [Tomcat]
2024-11-22T11:13:26.170+05:30  INFO 8140 --- [Employee-Project] [main] o.apache.catalina.core.StandardEngine    : Starting Servlet engine: [Apache Tomcat/10.1.33]
2024-11-22T11:13:26.244+05:30  INFO 8140 --- [Employee-Project] [main] o.a.c.c.C.[Tomcat].[localhost].[/]       : Initializing Spring embedded WebApplicationContext
2024-11-22T11:13:26.244+05:30  INFO 8140 --- [Employee-Project] [main] w.s.c.ServletWebServerApplicationContext : Root WebApplicationContext: initialization completed in 2066 ms
2024-11-22T11:13:26.283+05:30  INFO 8140 --- [Employee-Project] [main] com.zaxxer.hikari.HikariDataSource       : HikariPool-1 - Starting...
2024-11-22T11:13:26.559+05:30  INFO 8140 --- [Employee-Project] [main] com.zaxxer.hikari.pool.HikariPool        : HikariPool-1 - Added connection conn0: url=jdbc:h2:mem:testdb user=SA
2024-11-22T11:13:26.561+05:30  INFO 8140 --- [Employee-Project] [main] com.zaxxer.hikari.HikariDataSource       : HikariPool-1 - Start completed.
2024-11-22T11:13:26.574+05:30  INFO 8140 --- [Employee-Project] [main] o.s.b.a.h2.H2ConsoleAutoConfiguration    : H2 console available at '/h2-console'. Database available at 'jdbc:h2:mem:testdb'
2024-11-22T11:13:26.746+05:30  INFO 8140 --- [Employee-Project] [main] o.hibernate.jpa.internal.util.LogHelper  : HHH000204: Processing PersistenceUnitInfo [name: default]
2024-11-22T11:13:26.857+05:30  INFO 8140 --- [Employee-Project] [main] org.hibernate.Version                    : HHH000412: Hibernate ORM core version 6.6.2.Final
2024-11-22T11:13:26.898+05:30  INFO 8140 --- [Employee-Project] [main] o.h.c.internal.RegionFactoryInitiator    : HHH000026: Second-level cache disabled
2024-11-22T11:13:27.204+05:30  INFO 8140 --- [Employee-Project] [main] o.s.o.j.p.SpringPersistenceUnitInfo      : No LoadTimeWeaver setup: ignoring JPA class transformer
2024-11-22T11:13:27.307+05:30  INFO 8140 --- [Employee-Project] [main] org.hibernate.orm.connections.pooling    : HHH10001005: Database info:
	Database JDBC URL [Connecting through datasource 'HikariDataSource (HikariPool-1)']
	Database driver: undefined/unknown
	Database version: 2.3.232
	Autocommit mode: undefined/unknown
	Isolation level: undefined/unknown
	Minimum pool size: undefined/unknown
	Maximum pool size: undefined/unknown
2024-11-22T11:13:28.140+05:30  INFO 8140 --- [Employee-Project] [main] o.h.e.t.j.p.i.JtaPlatformInitiator       : HHH000489: No JTA platform available (set 'hibernate.transaction.jta.platform' to enable JTA platform integration)
2024-11-22T11:13:28.158+05:30  INFO 8140 --- [Employee-Project] [main] j.LocalContainerEntityManagerFactoryBean : Initialized JPA EntityManagerFactory for persistence unit 'default'
2024-11-22T11:13:28.420+05:30  WARN 8140 --- [Employee-Project] [main] JpaBaseConfiguration$JpaWebConfiguration : spring.jpa.open-in-view is enabled by default. Therefore, database queries may be performed during view rendering. Explicitly configure spring.jpa.open-in-view to disable this warning
2024-11-22T11:13:28.941+05:30  INFO 8140 --- [Employee-Project] [main] o.s.b.w.embedded.tomcat.TomcatWebServer  : Tomcat started on port 8082 (http) with context path '/'
2024-11-22T11:13:28.951+05:30  INFO 8140 --- [Employee-Project] [main] c.e.E.P.EmployeeProjectApplication       : Started EmployeeProjectApplication in 5.393 seconds (process running for 5.956)
2024-11-22T11:19:47.053+05:30  INFO 8140 --- [Employee-Project] [SpringApplicationShutdownHook] o.s.b.w.e.tomcat.GracefulShutdown        : Commencing graceful shutdown. Waiting for active requests to complete
2024-11-22T11:19:47.230+05:30  INFO 8140 --- [Employee-Project] [tomcat-shutdown] o.s.b.w.e.tomcat.GracefulShutdown        : Graceful shutdown complete
2024-11-22T11:19:47.235+05:30  INFO 8140 --- [Employee-Project] [SpringApplicationShutdownHook] j.LocalContainerEntityManagerFactoryBean : Closing JPA EntityManagerFactory for persistence unit 'default'
2024-11-22T11:19:47.242+05:30  INFO 8140 --- [Employee-Project] [SpringApplicationShutdownHook] com.zaxxer.hikari.HikariDataSource       : HikariPool-1 - Shutdown initiated...
2024-11-22T11:19:47.245+05:30  INFO 8140 --- [Employee-Project] [SpringApplicationShutdownHook] com.zaxxer.hikari.HikariDataSource       : HikariPool-1 - Shutdown completed.
2024-11-22T11:19:49.770+05:30  INFO 13568 --- [Employee-Project] [main] c.e.E.P.EmployeeProjectApplication       : Starting EmployeeProjectApplication using Java 17.0.12 with PID 13568 (D:\spring\Employee-Project\target\classes started by anush in D:\spring\Employee-Project)
2024-11-22T11:19:49.774+05:30  INFO 13568 --- [Employee-Project] [main] c.e.E.P.EmployeeProjectApplication       : No active profile set, falling back to 1 default profile: "default"
2024-11-22T11:19:50.662+05:30  INFO 13568 --- [Employee-Project] [main] .s.d.r.c.RepositoryConfigurationDelegate : Bootstrapping Spring Data JPA repositories in DEFAULT mode.
2024-11-22T11:19:50.767+05:30  INFO 13568 --- [Employee-Project] [main] .s.d.r.c.RepositoryConfigurationDelegate : Finished Spring Data repository scanning in 93 ms. Found 1 JPA repository interface.
2024-11-22T11:19:51.508+05:30  INFO 13568 --- [Employee-Project] [main] o.s.b.w.embedded.tomcat.TomcatWebServer  : Tomcat initialized with port 8082 (http)
2024-11-22T11:19:51.522+05:30  INFO 13568 --- [Employee-Project] [main] o.apache.catalina.core.StandardService   : Starting service [Tomcat]
2024-11-22T11:19:51.523+05:30  INFO 13568 --- [Employee-Project] [main] o.apache.catalina.core.StandardEngine    : Starting Servlet engine: [Apache Tomcat/10.1.33]
2024-11-22T11:19:51.615+05:30  INFO 13568 --- [Employee-Project] [main] o.a.c.c.C.[Tomcat].[localhost].[/]       : Initializing Spring embedded WebApplicationContext
2024-11-22T11:19:51.617+05:30  INFO 13568 --- [Employee-Project] [main] w.s.c.ServletWebServerApplicationContext : Root WebApplicationContext: initialization completed in 1748 ms
2024-11-22T11:19:51.669+05:30  INFO 13568 --- [Employee-Project] [main] com.zaxxer.hikari.HikariDataSource       : HikariPool-1 - Starting...
2024-11-22T11:19:51.971+05:30  INFO 13568 --- [Employee-Project] [main] com.zaxxer.hikari.pool.HikariPool        : HikariPool-1 - Added connection conn0: url=jdbc:h2:mem:testdb user=SA
2024-11-22T11:19:51.974+05:30  INFO 13568 --- [Employee-Project] [main] com.zaxxer.hikari.HikariDataSource       : HikariPool-1 - Start completed.
2024-11-22T11:19:51.989+05:30  INFO 13568 --- [Employee-Project] [main] o.s.b.a.h2.H2ConsoleAutoConfiguration    : H2 console available at '/h2-console'. Database available at 'jdbc:h2:mem:testdb'
2024-11-22T11:19:52.202+05:30  INFO 13568 --- [Employee-Project] [main] o.hibernate.jpa.internal.util.LogHelper  : HHH000204: Processing PersistenceUnitInfo [name: default]
2024-11-22T11:19:52.281+05:30  INFO 13568 --- [Employee-Project] [main] org.hibernate.Version                    : HHH000412: Hibernate ORM core version 6.6.2.Final
2024-11-22T11:19:52.314+05:30  INFO 13568 --- [Employee-Project] [main] o.h.c.internal.RegionFactoryInitiator    : HHH000026: Second-level cache disabled
2024-11-22T11:19:52.697+05:30  INFO 13568 --- [Employee-Project] [main] o.s.o.j.p.SpringPersistenceUnitInfo      : No LoadTimeWeaver setup: ignoring JPA class transformer
2024-11-22T11:19:52.800+05:30  INFO 13568 --- [Employee-Project] [main] org.hibernate.orm.connections.pooling    : HHH10001005: Database info:
	Database JDBC URL [Connecting through datasource 'HikariDataSource (HikariPool-1)']
	Database driver: undefined/unknown
	Database version: 2.3.232
	Autocommit mode: undefined/unknown
	Isolation level: undefined/unknown
	Minimum pool size: undefined/unknown
	Maximum pool size: undefined/unknown
2024-11-22T11:19:53.731+05:30  INFO 13568 --- [Employee-Project] [main] o.h.e.t.j.p.i.JtaPlatformInitiator       : HHH000489: No JTA platform available (set 'hibernate.transaction.jta.platform' to enable JTA platform integration)
2024-11-22T11:19:53.755+05:30  INFO 13568 --- [Employee-Project] [main] j.LocalContainerEntityManagerFactoryBean : Initialized JPA EntityManagerFactory for persistence unit 'default'
2024-11-22T11:19:54.055+05:30  WARN 13568 --- [Employee-Project] [main] JpaBaseConfiguration$JpaWebConfiguration : spring.jpa.open-in-view is enabled by default. Therefore, database queries may be performed during view rendering. Explicitly configure spring.jpa.open-in-view to disable this warning
2024-11-22T11:19:54.506+05:30  INFO 13568 --- [Employee-Project] [main] o.s.b.w.embedded.tomcat.TomcatWebServer  : Tomcat started on port 8082 (http) with context path '/'
2024-11-22T11:19:54.518+05:30  INFO 13568 --- [Employee-Project] [main] c.e.E.P.EmployeeProjectApplication       : Started EmployeeProjectApplication in 5.293 seconds (process running for 5.74)
2024-11-22T11:28:14.173+05:30  INFO 13568 --- [Employee-Project] [SpringApplicationShutdownHook] o.s.b.w.e.tomcat.GracefulShutdown        : Commencing graceful shutdown. Waiting for active requests to complete
2024-11-22T11:28:14.383+05:30  INFO 13568 --- [Employee-Project] [tomcat-shutdown] o.s.b.w.e.tomcat.GracefulShutdown        : Graceful shutdown complete
2024-11-22T11:28:14.388+05:30  INFO 13568 --- [Employee-Project] [SpringApplicationShutdownHook] j.LocalContainerEntityManagerFactoryBean : Closing JPA EntityManagerFactory for persistence unit 'default'
2024-11-22T11:28:14.393+05:30  INFO 13568 --- [Employee-Project] [SpringApplicationShutdownHook] com.zaxxer.hikari.HikariDataSource       : HikariPool-1 - Shutdown initiated...
2024-11-22T11:28:14.395+05:30  INFO 13568 --- [Employee-Project] [SpringApplicationShutdownHook] com.zaxxer.hikari.HikariDataSource       : HikariPool-1 - Shutdown completed.
2024-11-22T11:28:20.491+05:30  INFO 17116 --- [Employee-Project] [main] c.e.E.P.EmployeeProjectApplication       : Starting EmployeeProjectApplication using Java 17.0.12 with PID 17116 (D:\spring\Employee-Project\target\classes started by anush in D:\spring\Employee-Project)
2024-11-22T11:28:20.513+05:30  INFO 17116 --- [Employee-Project] [main] c.e.E.P.EmployeeProjectApplication       : No active profile set, falling back to 1 default profile: "default"
2024-11-22T11:28:22.317+05:30  INFO 17116 --- [Employee-Project] [main] .s.d.r.c.RepositoryConfigurationDelegate : Bootstrapping Spring Data JPA repositories in DEFAULT mode.
2024-11-22T11:28:22.488+05:30  INFO 17116 --- [Employee-Project] [main] .s.d.r.c.RepositoryConfigurationDelegate : Finished Spring Data repository scanning in 144 ms. Found 1 JPA repository interface.
2024-11-22T11:28:23.338+05:30  INFO 17116 --- [Employee-Project] [main] o.s.b.w.embedded.tomcat.TomcatWebServer  : Tomcat initialized with port 8082 (http)
2024-11-22T11:28:23.353+05:30  INFO 17116 --- [Employee-Project] [main] o.apache.catalina.core.StandardService   : Starting service [Tomcat]
2024-11-22T11:28:23.353+05:30  INFO 17116 --- [Employee-Project] [main] o.apache.catalina.core.StandardEngine    : Starting Servlet engine: [Apache Tomcat/10.1.33]
2024-11-22T11:28:23.434+05:30  INFO 17116 --- [Employee-Project] [main] o.a.c.c.C.[Tomcat].[localhost].[/]       : Initializing Spring embedded WebApplicationContext
2024-11-22T11:28:23.435+05:30  INFO 17116 --- [Employee-Project] [main] w.s.c.ServletWebServerApplicationContext : Root WebApplicationContext: initialization completed in 2769 ms
2024-11-22T11:28:23.475+05:30  INFO 17116 --- [Employee-Project] [main] com.zaxxer.hikari.HikariDataSource       : HikariPool-1 - Starting...
2024-11-22T11:28:23.752+05:30  INFO 17116 --- [Employee-Project] [main] com.zaxxer.hikari.pool.HikariPool        : HikariPool-1 - Added connection conn0: url=jdbc:h2:mem:testdb user=SA
2024-11-22T11:28:23.755+05:30  INFO 17116 --- [Employee-Project] [main] com.zaxxer.hikari.HikariDataSource       : HikariPool-1 - Start completed.
2024-11-22T11:28:23.767+05:30  INFO 17116 --- [Employee-Project] [main] o.s.b.a.h2.H2ConsoleAutoConfiguration    : H2 console available at '/h2-console'. Database available at 'jdbc:h2:mem:testdb'
2024-11-22T11:28:23.944+05:30  INFO 17116 --- [Employee-Project] [main] o.hibernate.jpa.internal.util.LogHelper  : HHH000204: Processing PersistenceUnitInfo [name: default]
2024-11-22T11:28:24.058+05:30  INFO 17116 --- [Employee-Project] [main] org.hibernate.Version                    : HHH000412: Hibernate ORM core version 6.6.2.Final
2024-11-22T11:28:24.097+05:30  INFO 17116 --- [Employee-Project] [main] o.h.c.internal.RegionFactoryInitiator    : HHH000026: Second-level cache disabled
2024-11-22T11:28:24.397+05:30  INFO 17116 --- [Employee-Project] [main] o.s.o.j.p.SpringPersistenceUnitInfo      : No LoadTimeWeaver setup: ignoring JPA class transformer
2024-11-22T11:28:24.495+05:30  INFO 17116 --- [Employee-Project] [main] org.hibernate.orm.connections.pooling    : HHH10001005: Database info:
	Database JDBC URL [Connecting through datasource 'HikariDataSource (HikariPool-1)']
	Database driver: undefined/unknown
	Database version: 2.3.232
	Autocommit mode: undefined/unknown
	Isolation level: undefined/unknown
	Minimum pool size: undefined/unknown
	Maximum pool size: undefined/unknown
2024-11-22T11:28:25.375+05:30  INFO 17116 --- [Employee-Project] [main] o.h.e.t.j.p.i.JtaPlatformInitiator       : HHH000489: No JTA platform available (set 'hibernate.transaction.jta.platform' to enable JTA platform integration)
2024-11-22T11:28:25.399+05:30  INFO 17116 --- [Employee-Project] [main] j.LocalContainerEntityManagerFactoryBean : Initialized JPA EntityManagerFactory for persistence unit 'default'
2024-11-22T11:28:25.661+05:30  WARN 17116 --- [Employee-Project] [main] JpaBaseConfiguration$JpaWebConfiguration : spring.jpa.open-in-view is enabled by default. Therefore, database queries may be performed during view rendering. Explicitly configure spring.jpa.open-in-view to disable this warning
2024-11-22T11:28:26.145+05:30  INFO 17116 --- [Employee-Project] [main] o.s.b.w.embedded.tomcat.TomcatWebServer  : Tomcat started on port 8082 (http) with context path '/'
2024-11-22T11:28:26.161+05:30  INFO 17116 --- [Employee-Project] [main] c.e.E.P.EmployeeProjectApplication       : Started EmployeeProjectApplication in 6.245 seconds (process running for 6.699)
2024-11-22T11:28:43.764+05:30  INFO 17116 --- [Employee-Project] [http-nio-8082-exec-2] o.a.c.c.C.[Tomcat].[localhost].[/]       : Initializing Spring DispatcherServlet 'dispatcherServlet'
2024-11-22T11:28:43.764+05:30  INFO 17116 --- [Employee-Project] [http-nio-8082-exec-2] o.s.web.servlet.DispatcherServlet        : Initializing Servlet 'dispatcherServlet'
2024-11-22T11:28:43.768+05:30  INFO 17116 --- [Employee-Project] [http-nio-8082-exec-2] o.s.web.servlet.DispatcherServlet        : Completed initialization in 1 ms
2024-11-22T11:45:41.729+05:30  INFO 17116 --- [Employee-Project] [SpringApplicationShutdownHook] o.s.b.w.e.tomcat.GracefulShutdown        : Commencing graceful shutdown. Waiting for active requests to complete
2024-11-22T11:45:41.976+05:30  INFO 17116 --- [Employee-Project] [tomcat-shutdown] o.s.b.w.e.tomcat.GracefulShutdown        : Graceful shutdown complete
2024-11-22T11:45:41.999+05:30  INFO 17116 --- [Employee-Project] [SpringApplicationShutdownHook] j.LocalContainerEntityManagerFactoryBean : Closing JPA EntityManagerFactory for persistence unit 'default'
2024-11-22T11:45:42.029+05:30  INFO 17116 --- [Employee-Project] [SpringApplicationShutdownHook] com.zaxxer.hikari.HikariDataSource       : HikariPool-1 - Shutdown initiated...
2024-11-22T11:45:42.042+05:30  INFO 17116 --- [Employee-Project] [SpringApplicationShutdownHook] com.zaxxer.hikari.HikariDataSource       : HikariPool-1 - Shutdown completed.
2024-11-22T11:45:49.219+05:30  INFO 9628 --- [Employee-Project] [main] c.e.E.P.EmployeeProjectApplication       : Starting EmployeeProjectApplication using Java 17.0.12 with PID 9628 (D:\spring\Employee-Project\target\classes started by anush in D:\spring\Employee-Project)
2024-11-22T11:45:49.222+05:30  INFO 9628 --- [Employee-Project] [main] c.e.E.P.EmployeeProjectApplication       : No active profile set, falling back to 1 default profile: "default"
2024-11-22T11:45:50.240+05:30  INFO 9628 --- [Employee-Project] [main] .s.d.r.c.RepositoryConfigurationDelegate : Bootstrapping Spring Data JPA repositories in DEFAULT mode.
2024-11-22T11:45:50.341+05:30  INFO 9628 --- [Employee-Project] [main] .s.d.r.c.RepositoryConfigurationDelegate : Finished Spring Data repository scanning in 87 ms. Found 1 JPA repository interface.
2024-11-22T11:45:51.353+05:30  INFO 9628 --- [Employee-Project] [main] o.s.b.w.embedded.tomcat.TomcatWebServer  : Tomcat initialized with port 8082 (http)
2024-11-22T11:45:51.369+05:30  INFO 9628 --- [Employee-Project] [main] o.apache.catalina.core.StandardService   : Starting service [Tomcat]
2024-11-22T11:45:51.369+05:30  INFO 9628 --- [Employee-Project] [main] o.apache.catalina.core.StandardEngine    : Starting Servlet engine: [Apache Tomcat/10.1.33]
2024-11-22T11:45:51.467+05:30  INFO 9628 --- [Employee-Project] [main] o.a.c.c.C.[Tomcat].[localhost].[/]       : Initializing Spring embedded WebApplicationContext
2024-11-22T11:45:51.468+05:30  INFO 9628 --- [Employee-Project] [main] w.s.c.ServletWebServerApplicationContext : Root WebApplicationContext: initialization completed in 2173 ms
2024-11-22T11:45:51.513+05:30  INFO 9628 --- [Employee-Project] [main] com.zaxxer.hikari.HikariDataSource       : HikariPool-1 - Starting...
2024-11-22T11:45:51.802+05:30  INFO 9628 --- [Employee-Project] [main] com.zaxxer.hikari.pool.HikariPool        : HikariPool-1 - Added connection conn0: url=jdbc:h2:mem:testdb user=SA
2024-11-22T11:45:51.804+05:30  INFO 9628 --- [Employee-Project] [main] com.zaxxer.hikari.HikariDataSource       : HikariPool-1 - Start completed.
2024-11-22T11:45:51.818+05:30  INFO 9628 --- [Employee-Project] [main] o.s.b.a.h2.H2ConsoleAutoConfiguration    : H2 console available at '/h2-console'. Database available at 'jdbc:h2:mem:testdb'
2024-11-22T11:45:52.089+05:30  INFO 9628 --- [Employee-Project] [main] o.hibernate.jpa.internal.util.LogHelper  : HHH000204: Processing PersistenceUnitInfo [name: default]
2024-11-22T11:45:52.181+05:30  INFO 9628 --- [Employee-Project] [main] org.hibernate.Version                    : HHH000412: Hibernate ORM core version 6.6.2.Final
2024-11-22T11:45:52.233+05:30  INFO 9628 --- [Employee-Project] [main] o.h.c.internal.RegionFactoryInitiator    : HHH000026: Second-level cache disabled
2024-11-22T11:45:52.608+05:30  INFO 9628 --- [Employee-Project] [main] o.s.o.j.p.SpringPersistenceUnitInfo      : No LoadTimeWeaver setup: ignoring JPA class transformer
2024-11-22T11:45:52.773+05:30  INFO 9628 --- [Employee-Project] [main] org.hibernate.orm.connections.pooling    : HHH10001005: Database info:
	Database JDBC URL [Connecting through datasource 'HikariDataSource (HikariPool-1)']
	Database driver: undefined/unknown
	Database version: 2.3.232
	Autocommit mode: undefined/unknown
	Isolation level: undefined/unknown
	Minimum pool size: undefined/unknown
	Maximum pool size: undefined/unknown
2024-11-22T11:45:53.852+05:30  INFO 9628 --- [Employee-Project] [main] o.h.e.t.j.p.i.JtaPlatformInitiator       : HHH000489: No JTA platform available (set 'hibernate.transaction.jta.platform' to enable JTA platform integration)
2024-11-22T11:45:53.881+05:30  INFO 9628 --- [Employee-Project] [main] j.LocalContainerEntityManagerFactoryBean : Initialized JPA EntityManagerFactory for persistence unit 'default'
2024-11-22T11:45:54.329+05:30  WARN 9628 --- [Employee-Project] [main] JpaBaseConfiguration$JpaWebConfiguration : spring.jpa.open-in-view is enabled by default. Therefore, database queries may be performed during view rendering. Explicitly configure spring.jpa.open-in-view to disable this warning
2024-11-22T11:45:54.887+05:30  INFO 9628 --- [Employee-Project] [main] o.s.b.w.embedded.tomcat.TomcatWebServer  : Tomcat started on port 8082 (http) with context path '/'
2024-11-22T11:45:54.904+05:30  INFO 9628 --- [Employee-Project] [main] c.e.E.P.EmployeeProjectApplication       : Started EmployeeProjectApplication in 6.297 seconds (process running for 6.802)
2024-11-22T11:46:31.743+05:30  INFO 9628 --- [Employee-Project] [http-nio-8082-exec-7] o.a.c.c.C.[Tomcat].[localhost].[/]       : Initializing Spring DispatcherServlet 'dispatcherServlet'
2024-11-22T11:46:31.745+05:30  INFO 9628 --- [Employee-Project] [http-nio-8082-exec-7] o.s.web.servlet.DispatcherServlet        : Initializing Servlet 'dispatcherServlet'
2024-11-22T11:46:31.747+05:30  INFO 9628 --- [Employee-Project] [http-nio-8082-exec-7] o.s.web.servlet.DispatcherServlet        : Completed initialization in 2 ms
2024-11-22T12:20:39.314+05:30  INFO 9628 --- [Employee-Project] [SpringApplicationShutdownHook] o.s.b.w.e.tomcat.GracefulShutdown        : Commencing graceful shutdown. Waiting for active requests to complete
2024-11-22T12:20:39.537+05:30  INFO 9628 --- [Employee-Project] [tomcat-shutdown] o.s.b.w.e.tomcat.GracefulShutdown        : Graceful shutdown complete
2024-11-22T12:20:39.561+05:30  INFO 9628 --- [Employee-Project] [SpringApplicationShutdownHook] j.LocalContainerEntityManagerFactoryBean : Closing JPA EntityManagerFactory for persistence unit 'default'
2024-11-22T12:20:39.610+05:30  INFO 9628 --- [Employee-Project] [SpringApplicationShutdownHook] com.zaxxer.hikari.HikariDataSource       : HikariPool-1 - Shutdown initiated...
2024-11-22T12:20:39.619+05:30  INFO 9628 --- [Employee-Project] [SpringApplicationShutdownHook] com.zaxxer.hikari.HikariDataSource       : HikariPool-1 - Shutdown completed.
2024-11-22T12:22:19.815+05:30  INFO 9424 --- [Employee-Project] [main] c.e.E.P.EmployeeProjectApplication       : Starting EmployeeProjectApplication using Java 17.0.12 with PID 9424 (D:\spring\Employee-Project\target\classes started by anush in D:\spring\Employee-Project)
2024-11-22T12:22:19.820+05:30  INFO 9424 --- [Employee-Project] [main] c.e.E.P.EmployeeProjectApplication       : No active profile set, falling back to 1 default profile: "default"
2024-11-22T12:22:20.832+05:30  INFO 9424 --- [Employee-Project] [main] .s.d.r.c.RepositoryConfigurationDelegate : Bootstrapping Spring Data JPA repositories in DEFAULT mode.
2024-11-22T12:22:20.934+05:30  INFO 9424 --- [Employee-Project] [main] .s.d.r.c.RepositoryConfigurationDelegate : Finished Spring Data repository scanning in 86 ms. Found 1 JPA repository interface.
2024-11-22T12:22:21.888+05:30  INFO 9424 --- [Employee-Project] [main] o.s.b.w.embedded.tomcat.TomcatWebServer  : Tomcat initialized with port 8082 (http)
2024-11-22T12:22:21.904+05:30  INFO 9424 --- [Employee-Project] [main] o.apache.catalina.core.StandardService   : Starting service [Tomcat]
2024-11-22T12:22:21.905+05:30  INFO 9424 --- [Employee-Project] [main] o.apache.catalina.core.StandardEngine    : Starting Servlet engine: [Apache Tomcat/10.1.33]
2024-11-22T12:22:21.974+05:30  INFO 9424 --- [Employee-Project] [main] o.a.c.c.C.[Tomcat].[localhost].[/]       : Initializing Spring embedded WebApplicationContext
2024-11-22T12:22:21.975+05:30  INFO 9424 --- [Employee-Project] [main] w.s.c.ServletWebServerApplicationContext : Root WebApplicationContext: initialization completed in 2089 ms
2024-11-22T12:22:22.017+05:30  INFO 9424 --- [Employee-Project] [main] com.zaxxer.hikari.HikariDataSource       : HikariPool-1 - Starting...
2024-11-22T12:22:22.309+05:30  INFO 9424 --- [Employee-Project] [main] com.zaxxer.hikari.pool.HikariPool        : HikariPool-1 - Added connection conn0: url=jdbc:h2:mem:testdb user=SA
2024-11-22T12:22:22.312+05:30  INFO 9424 --- [Employee-Project] [main] com.zaxxer.hikari.HikariDataSource       : HikariPool-1 - Start completed.
2024-11-22T12:22:22.327+05:30  INFO 9424 --- [Employee-Project] [main] o.s.b.a.h2.H2ConsoleAutoConfiguration    : H2 console available at '/h2-console'. Database available at 'jdbc:h2:mem:testdb'
2024-11-22T12:22:22.639+05:30  INFO 9424 --- [Employee-Project] [main] o.hibernate.jpa.internal.util.LogHelper  : HHH000204: Processing PersistenceUnitInfo [name: default]
2024-11-22T12:22:22.728+05:30  INFO 9424 --- [Employee-Project] [main] org.hibernate.Version                    : HHH000412: Hibernate ORM core version 6.6.2.Final
2024-11-22T12:22:22.778+05:30  INFO 9424 --- [Employee-Project] [main] o.h.c.internal.RegionFactoryInitiator    : HHH000026: Second-level cache disabled
2024-11-22T12:22:23.182+05:30  INFO 9424 --- [Employee-Project] [main] o.s.o.j.p.SpringPersistenceUnitInfo      : No LoadTimeWeaver setup: ignoring JPA class transformer
2024-11-22T12:22:23.310+05:30  INFO 9424 --- [Employee-Project] [main] org.hibernate.orm.connections.pooling    : HHH10001005: Database info:
	Database JDBC URL [Connecting through datasource 'HikariDataSource (HikariPool-1)']
	Database driver: undefined/unknown
	Database version: 2.3.232
	Autocommit mode: undefined/unknown
	Isolation level: undefined/unknown
	Minimum pool size: undefined/unknown
	Maximum pool size: undefined/unknown
2024-11-22T12:22:24.188+05:30  INFO 9424 --- [Employee-Project] [main] o.h.e.t.j.p.i.JtaPlatformInitiator       : HHH000489: No JTA platform available (set 'hibernate.transaction.jta.platform' to enable JTA platform integration)
2024-11-22T12:22:24.216+05:30  INFO 9424 --- [Employee-Project] [main] j.LocalContainerEntityManagerFactoryBean : Initialized JPA EntityManagerFactory for persistence unit 'default'
2024-11-22T12:22:24.508+05:30  WARN 9424 --- [Employee-Project] [main] JpaBaseConfiguration$JpaWebConfiguration : spring.jpa.open-in-view is enabled by default. Therefore, database queries may be performed during view rendering. Explicitly configure spring.jpa.open-in-view to disable this warning
2024-11-22T12:22:24.912+05:30  INFO 9424 --- [Employee-Project] [main] o.s.b.w.embedded.tomcat.TomcatWebServer  : Tomcat started on port 8082 (http) with context path '/'
2024-11-22T12:22:24.934+05:30  INFO 9424 --- [Employee-Project] [main] c.e.E.P.EmployeeProjectApplication       : Started EmployeeProjectApplication in 5.712 seconds (process running for 6.19)
2024-11-22T12:23:00.910+05:30  INFO 9424 --- [Employee-Project] [http-nio-8082-exec-9] o.a.c.c.C.[Tomcat].[localhost].[/]       : Initializing Spring DispatcherServlet 'dispatcherServlet'
2024-11-22T12:23:00.910+05:30  INFO 9424 --- [Employee-Project] [http-nio-8082-exec-9] o.s.web.servlet.DispatcherServlet        : Initializing Servlet 'dispatcherServlet'
2024-11-22T12:23:00.916+05:30  INFO 9424 --- [Employee-Project] [http-nio-8082-exec-9] o.s.web.servlet.DispatcherServlet        : Completed initialization in 6 ms
2024-11-22T12:38:35.279+05:30  INFO 9424 --- [Employee-Project] [SpringApplicationShutdownHook] o.s.b.w.e.tomcat.GracefulShutdown        : Commencing graceful shutdown. Waiting for active requests to complete
2024-11-22T12:38:35.509+05:30  INFO 9424 --- [Employee-Project] [tomcat-shutdown] o.s.b.w.e.tomcat.GracefulShutdown        : Graceful shutdown complete
2024-11-22T12:38:35.513+05:30  INFO 9424 --- [Employee-Project] [SpringApplicationShutdownHook] j.LocalContainerEntityManagerFactoryBean : Closing JPA EntityManagerFactory for persistence unit 'default'
2024-11-22T12:38:35.519+05:30  INFO 9424 --- [Employee-Project] [SpringApplicationShutdownHook] com.zaxxer.hikari.HikariDataSource       : HikariPool-1 - Shutdown initiated...
2024-11-22T12:38:35.522+05:30  INFO 9424 --- [Employee-Project] [SpringApplicationShutdownHook] com.zaxxer.hikari.HikariDataSource       : HikariPool-1 - Shutdown completed.
2024-11-22T12:38:44.963+05:30  INFO 12164 --- [Employee-Project] [main] c.e.E.P.EmployeeProjectApplication       : Starting EmployeeProjectApplication using Java 17.0.12 with PID 12164 (D:\spring\Employee-Project\target\classes started by anush in D:\spring\Employee-Project)
2024-11-22T12:38:44.967+05:30  INFO 12164 --- [Employee-Project] [main] c.e.E.P.EmployeeProjectApplication       : No active profile set, falling back to 1 default profile: "default"
2024-11-22T12:38:45.793+05:30  INFO 12164 --- [Employee-Project] [main] .s.d.r.c.RepositoryConfigurationDelegate : Bootstrapping Spring Data JPA repositories in DEFAULT mode.
2024-11-22T12:38:45.879+05:30  INFO 12164 --- [Employee-Project] [main] .s.d.r.c.RepositoryConfigurationDelegate : Finished Spring Data repository scanning in 76 ms. Found 1 JPA repository interface.
2024-11-22T12:38:46.797+05:30  INFO 12164 --- [Employee-Project] [main] o.s.b.w.embedded.tomcat.TomcatWebServer  : Tomcat initialized with port 8082 (http)
2024-11-22T12:38:46.815+05:30  INFO 12164 --- [Employee-Project] [main] o.apache.catalina.core.StandardService   : Starting service [Tomcat]
2024-11-22T12:38:46.815+05:30  INFO 12164 --- [Employee-Project] [main] o.apache.catalina.core.StandardEngine    : Starting Servlet engine: [Apache Tomcat/10.1.33]
2024-11-22T12:38:46.935+05:30  INFO 12164 --- [Employee-Project] [main] o.a.c.c.C.[Tomcat].[localhost].[/]       : Initializing Spring embedded WebApplicationContext
2024-11-22T12:38:46.936+05:30  INFO 12164 --- [Employee-Project] [main] w.s.c.ServletWebServerApplicationContext : Root WebApplicationContext: initialization completed in 1901 ms
2024-11-22T12:38:46.992+05:30  INFO 12164 --- [Employee-Project] [main] com.zaxxer.hikari.HikariDataSource       : HikariPool-1 - Starting...
2024-11-22T12:38:47.266+05:30  INFO 12164 --- [Employee-Project] [main] com.zaxxer.hikari.pool.HikariPool        : HikariPool-1 - Added connection conn0: url=jdbc:h2:mem:testdb user=SA
2024-11-22T12:38:47.271+05:30  INFO 12164 --- [Employee-Project] [main] com.zaxxer.hikari.HikariDataSource       : HikariPool-1 - Start completed.
2024-11-22T12:38:47.285+05:30  INFO 12164 --- [Employee-Project] [main] o.s.b.a.h2.H2ConsoleAutoConfiguration    : H2 console available at '/h2-console'. Database available at 'jdbc:h2:mem:testdb'
2024-11-22T12:38:47.627+05:30  INFO 12164 --- [Employee-Project] [main] o.hibernate.jpa.internal.util.LogHelper  : HHH000204: Processing PersistenceUnitInfo [name: default]
2024-11-22T12:38:47.730+05:30  INFO 12164 --- [Employee-Project] [main] org.hibernate.Version                    : HHH000412: Hibernate ORM core version 6.6.2.Final
2024-11-22T12:38:47.837+05:30  INFO 12164 --- [Employee-Project] [main] o.h.c.internal.RegionFactoryInitiator    : HHH000026: Second-level cache disabled
2024-11-22T12:38:48.238+05:30  INFO 24020 --- [Employee-Project] [main] c.e.E.P.EmployeeProjectApplication       : Starting EmployeeProjectApplication using Java 17.0.12 with PID 24020 (D:\spring\Employee-Project\target\classes started by anush in D:\spring\Employee-Project)
2024-11-22T12:38:48.242+05:30  INFO 24020 --- [Employee-Project] [main] c.e.E.P.EmployeeProjectApplication       : No active profile set, falling back to 1 default profile: "default"
2024-11-22T12:38:48.789+05:30  INFO 12164 --- [Employee-Project] [main] o.s.o.j.p.SpringPersistenceUnitInfo      : No LoadTimeWeaver setup: ignoring JPA class transformer
2024-11-22T12:38:48.930+05:30  INFO 12164 --- [Employee-Project] [main] org.hibernate.orm.connections.pooling    : HHH10001005: Database info:
	Database JDBC URL [Connecting through datasource 'HikariDataSource (HikariPool-1)']
	Database driver: undefined/unknown
	Database version: 2.3.232
	Autocommit mode: undefined/unknown
	Isolation level: undefined/unknown
	Minimum pool size: undefined/unknown
	Maximum pool size: undefined/unknown
2024-11-22T12:38:49.734+05:30  INFO 24020 --- [Employee-Project] [main] .s.d.r.c.RepositoryConfigurationDelegate : Bootstrapping Spring Data JPA repositories in DEFAULT mode.
2024-11-22T12:38:49.920+05:30  INFO 24020 --- [Employee-Project] [main] .s.d.r.c.RepositoryConfigurationDelegate : Finished Spring Data repository scanning in 174 ms. Found 1 JPA repository interface.
2024-11-22T12:38:50.653+05:30  INFO 12164 --- [Employee-Project] [main] o.h.e.t.j.p.i.JtaPlatformInitiator       : HHH000489: No JTA platform available (set 'hibernate.transaction.jta.platform' to enable JTA platform integration)
2024-11-22T12:38:50.694+05:30  INFO 12164 --- [Employee-Project] [main] j.LocalContainerEntityManagerFactoryBean : Initialized JPA EntityManagerFactory for persistence unit 'default'
2024-11-22T12:38:51.245+05:30  WARN 12164 --- [Employee-Project] [main] JpaBaseConfiguration$JpaWebConfiguration : spring.jpa.open-in-view is enabled by default. Therefore, database queries may be performed during view rendering. Explicitly configure spring.jpa.open-in-view to disable this warning
2024-11-22T12:38:51.411+05:30  INFO 24020 --- [Employee-Project] [main] o.s.b.w.embedded.tomcat.TomcatWebServer  : Tomcat initialized with port 8082 (http)
2024-11-22T12:38:51.450+05:30  INFO 24020 --- [Employee-Project] [main] o.apache.catalina.core.StandardService   : Starting service [Tomcat]
2024-11-22T12:38:51.451+05:30  INFO 24020 --- [Employee-Project] [main] o.apache.catalina.core.StandardEngine    : Starting Servlet engine: [Apache Tomcat/10.1.33]
2024-11-22T12:38:51.749+05:30  INFO 24020 --- [Employee-Project] [main] o.a.c.c.C.[Tomcat].[localhost].[/]       : Initializing Spring embedded WebApplicationContext
2024-11-22T12:38:51.750+05:30  INFO 24020 --- [Employee-Project] [main] w.s.c.ServletWebServerApplicationContext : Root WebApplicationContext: initialization completed in 3404 ms
2024-11-22T12:38:52.144+05:30  INFO 24020 --- [Employee-Project] [main] com.zaxxer.hikari.HikariDataSource       : HikariPool-1 - Starting...
2024-11-22T12:38:52.705+05:30  INFO 24020 --- [Employee-Project] [main] com.zaxxer.hikari.pool.HikariPool        : HikariPool-1 - Added connection conn0: url=jdbc:h2:mem:testdb user=SA
2024-11-22T12:38:52.708+05:30  INFO 24020 --- [Employee-Project] [main] com.zaxxer.hikari.HikariDataSource       : HikariPool-1 - Start completed.
2024-11-22T12:38:52.739+05:30  INFO 24020 --- [Employee-Project] [main] o.s.b.a.h2.H2ConsoleAutoConfiguration    : H2 console available at '/h2-console'. Database available at 'jdbc:h2:mem:testdb'
2024-11-22T12:38:52.798+05:30  INFO 12164 --- [Employee-Project] [main] o.s.b.w.embedded.tomcat.TomcatWebServer  : Tomcat started on port 8082 (http) with context path '/'
2024-11-22T12:38:52.963+05:30  INFO 12164 --- [Employee-Project] [main] c.e.E.P.EmployeeProjectApplication       : Started EmployeeProjectApplication in 8.556 seconds (process running for 10.303)
2024-11-22T12:38:53.143+05:30  INFO 12164 --- [Employee-Project] [SpringApplicationShutdownHook] o.s.b.w.e.tomcat.GracefulShutdown        : Commencing graceful shutdown. Waiting for active requests to complete
2024-11-22T12:38:53.284+05:30  INFO 24020 --- [Employee-Project] [main] o.hibernate.jpa.internal.util.LogHelper  : HHH000204: Processing PersistenceUnitInfo [name: default]
2024-11-22T12:38:53.349+05:30  INFO 24020 --- [Employee-Project] [main] org.hibernate.Version                    : HHH000412: Hibernate ORM core version 6.6.2.Final
2024-11-22T12:38:53.388+05:30  INFO 24020 --- [Employee-Project] [main] o.h.c.internal.RegionFactoryInitiator    : HHH000026: Second-level cache disabled
2024-11-22T12:38:53.576+05:30  INFO 12164 --- [Employee-Project] [tomcat-shutdown] o.s.b.w.e.tomcat.GracefulShutdown        : Graceful shutdown complete
2024-11-22T12:38:53.584+05:30  INFO 12164 --- [Employee-Project] [SpringApplicationShutdownHook] j.LocalContainerEntityManagerFactoryBean : Closing JPA EntityManagerFactory for persistence unit 'default'
2024-11-22T12:38:53.591+05:30  INFO 12164 --- [Employee-Project] [SpringApplicationShutdownHook] com.zaxxer.hikari.HikariDataSource       : HikariPool-1 - Shutdown initiated...
2024-11-22T12:38:53.595+05:30  INFO 12164 --- [Employee-Project] [SpringApplicationShutdownHook] com.zaxxer.hikari.HikariDataSource       : HikariPool-1 - Shutdown completed.
2024-11-22T12:38:53.761+05:30  INFO 24020 --- [Employee-Project] [main] o.s.o.j.p.SpringPersistenceUnitInfo      : No LoadTimeWeaver setup: ignoring JPA class transformer
2024-11-22T12:38:53.860+05:30  INFO 24020 --- [Employee-Project] [main] org.hibernate.orm.connections.pooling    : HHH10001005: Database info:
	Database JDBC URL [Connecting through datasource 'HikariDataSource (HikariPool-1)']
	Database driver: undefined/unknown
	Database version: 2.3.232
	Autocommit mode: undefined/unknown
	Isolation level: undefined/unknown
	Minimum pool size: undefined/unknown
	Maximum pool size: undefined/unknown
2024-11-22T12:38:54.911+05:30  INFO 24020 --- [Employee-Project] [main] o.h.e.t.j.p.i.JtaPlatformInitiator       : HHH000489: No JTA platform available (set 'hibernate.transaction.jta.platform' to enable JTA platform integration)
2024-11-22T12:38:54.950+05:30  INFO 24020 --- [Employee-Project] [main] j.LocalContainerEntityManagerFactoryBean : Initialized JPA EntityManagerFactory for persistence unit 'default'
2024-11-22T12:38:55.262+05:30  WARN 24020 --- [Employee-Project] [main] JpaBaseConfiguration$JpaWebConfiguration : spring.jpa.open-in-view is enabled by default. Therefore, database queries may be performed during view rendering. Explicitly configure spring.jpa.open-in-view to disable this warning
2024-11-22T12:38:55.725+05:30  INFO 24020 --- [Employee-Project] [main] o.s.b.w.embedded.tomcat.TomcatWebServer  : Tomcat started on port 8082 (http) with context path '/'
2024-11-22T12:38:55.736+05:30  INFO 24020 --- [Employee-Project] [main] c.e.E.P.EmployeeProjectApplication       : Started EmployeeProjectApplication in 8.731 seconds (process running for 9.452)
2024-11-22T12:39:00.110+05:30  INFO 24020 --- [Employee-Project] [SpringApplicationShutdownHook] o.s.b.w.e.tomcat.GracefulShutdown        : Commencing graceful shutdown. Waiting for active requests to complete
2024-11-22T12:39:00.308+05:30  INFO 24020 --- [Employee-Project] [tomcat-shutdown] o.s.b.w.e.tomcat.GracefulShutdown        : Graceful shutdown complete
2024-11-22T12:39:00.312+05:30  INFO 24020 --- [Employee-Project] [SpringApplicationShutdownHook] j.LocalContainerEntityManagerFactoryBean : Closing JPA EntityManagerFactory for persistence unit 'default'
2024-11-22T12:39:00.320+05:30  INFO 24020 --- [Employee-Project] [SpringApplicationShutdownHook] com.zaxxer.hikari.HikariDataSource       : HikariPool-1 - Shutdown initiated...
2024-11-22T12:39:00.325+05:30  INFO 24020 --- [Employee-Project] [SpringApplicationShutdownHook] com.zaxxer.hikari.HikariDataSource       : HikariPool-1 - Shutdown completed.
2024-11-22T12:39:02.829+05:30  INFO 18112 --- [Employee-Project] [main] c.e.E.P.EmployeeProjectApplication       : Starting EmployeeProjectApplication using Java 17.0.12 with PID 18112 (D:\spring\Employee-Project\target\classes started by anush in D:\spring\Employee-Project)
2024-11-22T12:39:02.833+05:30  INFO 18112 --- [Employee-Project] [main] c.e.E.P.EmployeeProjectApplication       : No active profile set, falling back to 1 default profile: "default"
2024-11-22T12:39:03.671+05:30  INFO 18112 --- [Employee-Project] [main] .s.d.r.c.RepositoryConfigurationDelegate : Bootstrapping Spring Data JPA repositories in DEFAULT mode.
2024-11-22T12:39:03.773+05:30  INFO 18112 --- [Employee-Project] [main] .s.d.r.c.RepositoryConfigurationDelegate : Finished Spring Data repository scanning in 91 ms. Found 1 JPA repository interface.
2024-11-22T12:39:04.499+05:30  INFO 18112 --- [Employee-Project] [main] o.s.b.w.embedded.tomcat.TomcatWebServer  : Tomcat initialized with port 8082 (http)
2024-11-22T12:39:04.510+05:30  INFO 18112 --- [Employee-Project] [main] o.apache.catalina.core.StandardService   : Starting service [Tomcat]
2024-11-22T12:39:04.511+05:30  INFO 18112 --- [Employee-Project] [main] o.apache.catalina.core.StandardEngine    : Starting Servlet engine: [Apache Tomcat/10.1.33]
2024-11-22T12:39:04.579+05:30  INFO 18112 --- [Employee-Project] [main] o.a.c.c.C.[Tomcat].[localhost].[/]       : Initializing Spring embedded WebApplicationContext
2024-11-22T12:39:04.579+05:30  INFO 18112 --- [Employee-Project] [main] w.s.c.ServletWebServerApplicationContext : Root WebApplicationContext: initialization completed in 1674 ms
2024-11-22T12:39:04.618+05:30  INFO 18112 --- [Employee-Project] [main] com.zaxxer.hikari.HikariDataSource       : HikariPool-1 - Starting...
2024-11-22T12:39:04.867+05:30  INFO 18112 --- [Employee-Project] [main] com.zaxxer.hikari.pool.HikariPool        : HikariPool-1 - Added connection conn0: url=jdbc:h2:mem:testdb user=SA
2024-11-22T12:39:04.869+05:30  INFO 18112 --- [Employee-Project] [main] com.zaxxer.hikari.HikariDataSource       : HikariPool-1 - Start completed.
2024-11-22T12:39:04.881+05:30  INFO 18112 --- [Employee-Project] [main] o.s.b.a.h2.H2ConsoleAutoConfiguration    : H2 console available at '/h2-console'. Database available at 'jdbc:h2:mem:testdb'
2024-11-22T12:39:05.021+05:30  INFO 18112 --- [Employee-Project] [main] o.hibernate.jpa.internal.util.LogHelper  : HHH000204: Processing PersistenceUnitInfo [name: default]
2024-11-22T12:39:05.093+05:30  INFO 18112 --- [Employee-Project] [main] org.hibernate.Version                    : HHH000412: Hibernate ORM core version 6.6.2.Final
2024-11-22T12:39:05.140+05:30  INFO 18112 --- [Employee-Project] [main] o.h.c.internal.RegionFactoryInitiator    : HHH000026: Second-level cache disabled
2024-11-22T12:39:05.438+05:30  INFO 18112 --- [Employee-Project] [main] o.s.o.j.p.SpringPersistenceUnitInfo      : No LoadTimeWeaver setup: ignoring JPA class transformer
2024-11-22T12:39:05.519+05:30  INFO 18112 --- [Employee-Project] [main] org.hibernate.orm.connections.pooling    : HHH10001005: Database info:
	Database JDBC URL [Connecting through datasource 'HikariDataSource (HikariPool-1)']
	Database driver: undefined/unknown
	Database version: 2.3.232
	Autocommit mode: undefined/unknown
	Isolation level: undefined/unknown
	Minimum pool size: undefined/unknown
	Maximum pool size: undefined/unknown
2024-11-22T12:39:06.418+05:30  INFO 18112 --- [Employee-Project] [main] o.h.e.t.j.p.i.JtaPlatformInitiator       : HHH000489: No JTA platform available (set 'hibernate.transaction.jta.platform' to enable JTA platform integration)
2024-11-22T12:39:06.454+05:30  INFO 18112 --- [Employee-Project] [main] j.LocalContainerEntityManagerFactoryBean : Initialized JPA EntityManagerFactory for persistence unit 'default'
2024-11-22T12:39:06.739+05:30  WARN 18112 --- [Employee-Project] [main] JpaBaseConfiguration$JpaWebConfiguration : spring.jpa.open-in-view is enabled by default. Therefore, database queries may be performed during view rendering. Explicitly configure spring.jpa.open-in-view to disable this warning
2024-11-22T12:39:07.135+05:30  INFO 18112 --- [Employee-Project] [main] o.s.b.w.embedded.tomcat.TomcatWebServer  : Tomcat started on port 8082 (http) with context path '/'
2024-11-22T12:39:07.144+05:30  INFO 18112 --- [Employee-Project] [main] c.e.E.P.EmployeeProjectApplication       : Started EmployeeProjectApplication in 4.831 seconds (process running for 5.245)
2024-11-22T12:39:37.962+05:30  INFO 18112 --- [Employee-Project] [http-nio-8082-exec-7] o.a.c.c.C.[Tomcat].[localhost].[/]       : Initializing Spring DispatcherServlet 'dispatcherServlet'
2024-11-22T12:39:37.962+05:30  INFO 18112 --- [Employee-Project] [http-nio-8082-exec-7] o.s.web.servlet.DispatcherServlet        : Initializing Servlet 'dispatcherServlet'
2024-11-22T12:39:37.962+05:30  INFO 18112 --- [Employee-Project] [http-nio-8082-exec-7] o.s.web.servlet.DispatcherServlet        : Completed initialization in 0 ms
2024-11-22T12:42:42.610+05:30  INFO 18112 --- [Employee-Project] [SpringApplicationShutdownHook] o.s.b.w.e.tomcat.GracefulShutdown        : Commencing graceful shutdown. Waiting for active requests to complete
2024-11-22T12:42:42.918+05:30  INFO 18112 --- [Employee-Project] [tomcat-shutdown] o.s.b.w.e.tomcat.GracefulShutdown        : Graceful shutdown complete
2024-11-22T12:42:42.922+05:30  INFO 18112 --- [Employee-Project] [SpringApplicationShutdownHook] j.LocalContainerEntityManagerFactoryBean : Closing JPA EntityManagerFactory for persistence unit 'default'
2024-11-22T12:42:42.929+05:30  INFO 18112 --- [Employee-Project] [SpringApplicationShutdownHook] com.zaxxer.hikari.HikariDataSource       : HikariPool-1 - Shutdown initiated...
2024-11-22T12:42:42.932+05:30  INFO 18112 --- [Employee-Project] [SpringApplicationShutdownHook] com.zaxxer.hikari.HikariDataSource       : HikariPool-1 - Shutdown completed.
2024-11-22T12:42:46.710+05:30  INFO 13468 --- [Employee-Project] [main] c.e.E.P.EmployeeProjectApplication       : Starting EmployeeProjectApplication using Java 17.0.12 with PID 13468 (D:\spring\Employee-Project\target\classes started by anush in D:\spring\Employee-Project)
2024-11-22T12:42:46.713+05:30  INFO 13468 --- [Employee-Project] [main] c.e.E.P.EmployeeProjectApplication       : No active profile set, falling back to 1 default profile: "default"
2024-11-22T12:42:47.616+05:30  INFO 13468 --- [Employee-Project] [main] .s.d.r.c.RepositoryConfigurationDelegate : Bootstrapping Spring Data JPA repositories in DEFAULT mode.
2024-11-22T12:42:47.713+05:30  INFO 13468 --- [Employee-Project] [main] .s.d.r.c.RepositoryConfigurationDelegate : Finished Spring Data repository scanning in 85 ms. Found 1 JPA repository interface.
2024-11-22T12:42:48.474+05:30  INFO 13468 --- [Employee-Project] [main] o.s.b.w.embedded.tomcat.TomcatWebServer  : Tomcat initialized with port 8082 (http)
2024-11-22T12:42:48.490+05:30  INFO 13468 --- [Employee-Project] [main] o.apache.catalina.core.StandardService   : Starting service [Tomcat]
2024-11-22T12:42:48.490+05:30  INFO 13468 --- [Employee-Project] [main] o.apache.catalina.core.StandardEngine    : Starting Servlet engine: [Apache Tomcat/10.1.33]
2024-11-22T12:42:48.561+05:30  INFO 13468 --- [Employee-Project] [main] o.a.c.c.C.[Tomcat].[localhost].[/]       : Initializing Spring embedded WebApplicationContext
2024-11-22T12:42:48.561+05:30  INFO 13468 --- [Employee-Project] [main] w.s.c.ServletWebServerApplicationContext : Root WebApplicationContext: initialization completed in 1784 ms
2024-11-22T12:42:48.598+05:30  INFO 13468 --- [Employee-Project] [main] com.zaxxer.hikari.HikariDataSource       : HikariPool-1 - Starting...
2024-11-22T12:42:48.824+05:30  INFO 13468 --- [Employee-Project] [main] com.zaxxer.hikari.pool.HikariPool        : HikariPool-1 - Added connection conn0: url=jdbc:h2:mem:testdb user=SA
2024-11-22T12:42:48.826+05:30  INFO 13468 --- [Employee-Project] [main] com.zaxxer.hikari.HikariDataSource       : HikariPool-1 - Start completed.
2024-11-22T12:42:48.838+05:30  INFO 13468 --- [Employee-Project] [main] o.s.b.a.h2.H2ConsoleAutoConfiguration    : H2 console available at '/h2-console'. Database available at 'jdbc:h2:mem:testdb'
2024-11-22T12:42:49.013+05:30  INFO 13468 --- [Employee-Project] [main] o.hibernate.jpa.internal.util.LogHelper  : HHH000204: Processing PersistenceUnitInfo [name: default]
2024-11-22T12:42:49.123+05:30  INFO 13468 --- [Employee-Project] [main] org.hibernate.Version                    : HHH000412: Hibernate ORM core version 6.6.2.Final
2024-11-22T12:42:49.163+05:30  INFO 13468 --- [Employee-Project] [main] o.h.c.internal.RegionFactoryInitiator    : HHH000026: Second-level cache disabled
2024-11-22T12:42:49.461+05:30  INFO 13468 --- [Employee-Project] [main] o.s.o.j.p.SpringPersistenceUnitInfo      : No LoadTimeWeaver setup: ignoring JPA class transformer
2024-11-22T12:42:49.537+05:30  INFO 13468 --- [Employee-Project] [main] org.hibernate.orm.connections.pooling    : HHH10001005: Database info:
	Database JDBC URL [Connecting through datasource 'HikariDataSource (HikariPool-1)']
	Database driver: undefined/unknown
	Database version: 2.3.232
	Autocommit mode: undefined/unknown
	Isolation level: undefined/unknown
	Minimum pool size: undefined/unknown
	Maximum pool size: undefined/unknown
2024-11-22T12:42:50.325+05:30  INFO 13468 --- [Employee-Project] [main] o.h.e.t.j.p.i.JtaPlatformInitiator       : HHH000489: No JTA platform available (set 'hibernate.transaction.jta.platform' to enable JTA platform integration)
2024-11-22T12:42:50.349+05:30  INFO 13468 --- [Employee-Project] [main] j.LocalContainerEntityManagerFactoryBean : Initialized JPA EntityManagerFactory for persistence unit 'default'
2024-11-22T12:42:50.612+05:30  WARN 13468 --- [Employee-Project] [main] JpaBaseConfiguration$JpaWebConfiguration : spring.jpa.open-in-view is enabled by default. Therefore, database queries may be performed during view rendering. Explicitly configure spring.jpa.open-in-view to disable this warning
2024-11-22T12:42:51.123+05:30  INFO 13468 --- [Employee-Project] [main] o.s.b.w.embedded.tomcat.TomcatWebServer  : Tomcat started on port 8082 (http) with context path '/'
2024-11-22T12:42:51.135+05:30  INFO 13468 --- [Employee-Project] [main] c.e.E.P.EmployeeProjectApplication       : Started EmployeeProjectApplication in 4.933 seconds (process running for 5.363)
2024-11-22T12:43:42.700+05:30  INFO 13468 --- [Employee-Project] [http-nio-8082-exec-3] o.a.c.c.C.[Tomcat].[localhost].[/]       : Initializing Spring DispatcherServlet 'dispatcherServlet'
2024-11-22T12:43:42.702+05:30  INFO 13468 --- [Employee-Project] [http-nio-8082-exec-3] o.s.web.servlet.DispatcherServlet        : Initializing Servlet 'dispatcherServlet'
2024-11-22T12:43:42.706+05:30  INFO 13468 --- [Employee-Project] [http-nio-8082-exec-3] o.s.web.servlet.DispatcherServlet        : Completed initialization in 3 ms
2024-11-22T12:43:42.747+05:30  WARN 13468 --- [Employee-Project] [http-nio-8082-exec-3] .w.s.m.s.DefaultHandlerExceptionResolver : Resolved [org.springframework.web.HttpRequestMethodNotSupportedException: Request method 'GET' is not supported]
2024-11-22T12:43:53.608+05:30  WARN 13468 --- [Employee-Project] [http-nio-8082-exec-5] .w.s.m.s.DefaultHandlerExceptionResolver : Resolved [org.springframework.web.HttpRequestMethodNotSupportedException: Request method 'GET' is not supported]
2024-11-22T12:57:06.416+05:30  INFO 13468 --- [Employee-Project] [SpringApplicationShutdownHook] o.s.b.w.e.tomcat.GracefulShutdown        : Commencing graceful shutdown. Waiting for active requests to complete
2024-11-22T12:57:06.645+05:30  INFO 13468 --- [Employee-Project] [tomcat-shutdown] o.s.b.w.e.tomcat.GracefulShutdown        : Graceful shutdown complete
2024-11-22T12:57:06.648+05:30  INFO 13468 --- [Employee-Project] [SpringApplicationShutdownHook] j.LocalContainerEntityManagerFactoryBean : Closing JPA EntityManagerFactory for persistence unit 'default'
2024-11-22T12:57:06.654+05:30  INFO 13468 --- [Employee-Project] [SpringApplicationShutdownHook] com.zaxxer.hikari.HikariDataSource       : HikariPool-1 - Shutdown initiated...
2024-11-22T12:57:06.656+05:30  INFO 13468 --- [Employee-Project] [SpringApplicationShutdownHook] com.zaxxer.hikari.HikariDataSource       : HikariPool-1 - Shutdown completed.
2024-11-22T12:57:12.911+05:30  INFO 22628 --- [Employee-Project] [main] c.e.E.P.EmployeeProjectApplication       : Starting EmployeeProjectApplication using Java 17.0.12 with PID 22628 (D:\spring\Employee-Project\target\classes started by anush in D:\spring\Employee-Project)
2024-11-22T12:57:12.919+05:30  INFO 22628 --- [Employee-Project] [main] c.e.E.P.EmployeeProjectApplication       : No active profile set, falling back to 1 default profile: "default"
2024-11-22T12:57:13.768+05:30  INFO 22628 --- [Employee-Project] [main] .s.d.r.c.RepositoryConfigurationDelegate : Bootstrapping Spring Data JPA repositories in DEFAULT mode.
2024-11-22T12:57:13.863+05:30  INFO 22628 --- [Employee-Project] [main] .s.d.r.c.RepositoryConfigurationDelegate : Finished Spring Data repository scanning in 83 ms. Found 1 JPA repository interface.
2024-11-22T12:57:14.633+05:30  INFO 22628 --- [Employee-Project] [main] o.s.b.w.embedded.tomcat.TomcatWebServer  : Tomcat initialized with port 8082 (http)
2024-11-22T12:57:14.646+05:30  INFO 22628 --- [Employee-Project] [main] o.apache.catalina.core.StandardService   : Starting service [Tomcat]
2024-11-22T12:57:14.646+05:30  INFO 22628 --- [Employee-Project] [main] o.apache.catalina.core.StandardEngine    : Starting Servlet engine: [Apache Tomcat/10.1.33]
2024-11-22T12:57:14.714+05:30  INFO 22628 --- [Employee-Project] [main] o.a.c.c.C.[Tomcat].[localhost].[/]       : Initializing Spring embedded WebApplicationContext
2024-11-22T12:57:14.715+05:30  INFO 22628 --- [Employee-Project] [main] w.s.c.ServletWebServerApplicationContext : Root WebApplicationContext: initialization completed in 1692 ms
2024-11-22T12:57:14.757+05:30  INFO 22628 --- [Employee-Project] [main] com.zaxxer.hikari.HikariDataSource       : HikariPool-1 - Starting...
2024-11-22T12:57:15.002+05:30  INFO 22628 --- [Employee-Project] [main] com.zaxxer.hikari.pool.HikariPool        : HikariPool-1 - Added connection conn0: url=jdbc:h2:mem:testdb user=SA
2024-11-22T12:57:15.005+05:30  INFO 22628 --- [Employee-Project] [main] com.zaxxer.hikari.HikariDataSource       : HikariPool-1 - Start completed.
2024-11-22T12:57:15.019+05:30  INFO 22628 --- [Employee-Project] [main] o.s.b.a.h2.H2ConsoleAutoConfiguration    : H2 console available at '/h2-console'. Database available at 'jdbc:h2:mem:testdb'
2024-11-22T12:57:15.191+05:30  INFO 22628 --- [Employee-Project] [main] o.hibernate.jpa.internal.util.LogHelper  : HHH000204: Processing PersistenceUnitInfo [name: default]
2024-11-22T12:57:15.277+05:30  INFO 22628 --- [Employee-Project] [main] org.hibernate.Version                    : HHH000412: Hibernate ORM core version 6.6.2.Final
2024-11-22T12:57:15.320+05:30  INFO 22628 --- [Employee-Project] [main] o.h.c.internal.RegionFactoryInitiator    : HHH000026: Second-level cache disabled
2024-11-22T12:57:15.631+05:30  INFO 22628 --- [Employee-Project] [main] o.s.o.j.p.SpringPersistenceUnitInfo      : No LoadTimeWeaver setup: ignoring JPA class transformer
2024-11-22T12:57:15.709+05:30  INFO 22628 --- [Employee-Project] [main] org.hibernate.orm.connections.pooling    : HHH10001005: Database info:
	Database JDBC URL [Connecting through datasource 'HikariDataSource (HikariPool-1)']
	Database driver: undefined/unknown
	Database version: 2.3.232
	Autocommit mode: undefined/unknown
	Isolation level: undefined/unknown
	Minimum pool size: undefined/unknown
	Maximum pool size: undefined/unknown
2024-11-22T12:57:16.523+05:30  INFO 22628 --- [Employee-Project] [main] o.h.e.t.j.p.i.JtaPlatformInitiator       : HHH000489: No JTA platform available (set 'hibernate.transaction.jta.platform' to enable JTA platform integration)
2024-11-22T12:57:16.543+05:30  INFO 22628 --- [Employee-Project] [main] j.LocalContainerEntityManagerFactoryBean : Initialized JPA EntityManagerFactory for persistence unit 'default'
2024-11-22T12:57:16.837+05:30  WARN 22628 --- [Employee-Project] [main] JpaBaseConfiguration$JpaWebConfiguration : spring.jpa.open-in-view is enabled by default. Therefore, database queries may be performed during view rendering. Explicitly configure spring.jpa.open-in-view to disable this warning
2024-11-22T12:57:17.221+05:30  INFO 22628 --- [Employee-Project] [main] o.s.b.w.embedded.tomcat.TomcatWebServer  : Tomcat started on port 8082 (http) with context path '/'
2024-11-22T12:57:17.232+05:30  INFO 22628 --- [Employee-Project] [main] c.e.E.P.EmployeeProjectApplication       : Started EmployeeProjectApplication in 4.911 seconds (process running for 5.357)
2024-11-22T12:57:46.729+05:30  INFO 22628 --- [Employee-Project] [http-nio-8082-exec-4] o.a.c.c.C.[Tomcat].[localhost].[/]       : Initializing Spring DispatcherServlet 'dispatcherServlet'
2024-11-22T12:57:46.729+05:30  INFO 22628 --- [Employee-Project] [http-nio-8082-exec-4] o.s.web.servlet.DispatcherServlet        : Initializing Servlet 'dispatcherServlet'
2024-11-22T12:57:46.731+05:30  INFO 22628 --- [Employee-Project] [http-nio-8082-exec-4] o.s.web.servlet.DispatcherServlet        : Completed initialization in 1 ms
2024-11-22T13:00:58.605+05:30  INFO 22628 --- [Employee-Project] [SpringApplicationShutdownHook] o.s.b.w.e.tomcat.GracefulShutdown        : Commencing graceful shutdown. Waiting for active requests to complete
2024-11-22T13:00:59.001+05:30  INFO 22628 --- [Employee-Project] [tomcat-shutdown] o.s.b.w.e.tomcat.GracefulShutdown        : Graceful shutdown complete
2024-11-22T13:00:59.006+05:30  INFO 22628 --- [Employee-Project] [SpringApplicationShutdownHook] j.LocalContainerEntityManagerFactoryBean : Closing JPA EntityManagerFactory for persistence unit 'default'
2024-11-22T13:00:59.012+05:30  INFO 22628 --- [Employee-Project] [SpringApplicationShutdownHook] com.zaxxer.hikari.HikariDataSource       : HikariPool-1 - Shutdown initiated...
2024-11-22T13:00:59.015+05:30  INFO 22628 --- [Employee-Project] [SpringApplicationShutdownHook] com.zaxxer.hikari.HikariDataSource       : HikariPool-1 - Shutdown completed.
2024-11-22T13:01:05.607+05:30  INFO 23244 --- [Employee-Project] [main] c.e.E.P.EmployeeProjectApplication       : Starting EmployeeProjectApplication using Java 17.0.12 with PID 23244 (D:\spring\Employee-Project\target\classes started by anush in D:\spring\Employee-Project)
2024-11-22T13:01:05.612+05:30  INFO 23244 --- [Employee-Project] [main] c.e.E.P.EmployeeProjectApplication       : No active profile set, falling back to 1 default profile: "default"
2024-11-22T13:01:06.477+05:30  INFO 23244 --- [Employee-Project] [main] .s.d.r.c.RepositoryConfigurationDelegate : Bootstrapping Spring Data JPA repositories in DEFAULT mode.
2024-11-22T13:01:06.567+05:30  INFO 23244 --- [Employee-Project] [main] .s.d.r.c.RepositoryConfigurationDelegate : Finished Spring Data repository scanning in 80 ms. Found 1 JPA repository interface.
2024-11-22T13:01:07.281+05:30  INFO 23244 --- [Employee-Project] [main] o.s.b.w.embedded.tomcat.TomcatWebServer  : Tomcat initialized with port 8082 (http)
2024-11-22T13:01:07.293+05:30  INFO 23244 --- [Employee-Project] [main] o.apache.catalina.core.StandardService   : Starting service [Tomcat]
2024-11-22T13:01:07.293+05:30  INFO 23244 --- [Employee-Project] [main] o.apache.catalina.core.StandardEngine    : Starting Servlet engine: [Apache Tomcat/10.1.33]
2024-11-22T13:01:07.365+05:30  INFO 23244 --- [Employee-Project] [main] o.a.c.c.C.[Tomcat].[localhost].[/]       : Initializing Spring embedded WebApplicationContext
2024-11-22T13:01:07.365+05:30  INFO 23244 --- [Employee-Project] [main] w.s.c.ServletWebServerApplicationContext : Root WebApplicationContext: initialization completed in 1690 ms
2024-11-22T13:01:07.413+05:30  INFO 23244 --- [Employee-Project] [main] com.zaxxer.hikari.HikariDataSource       : HikariPool-1 - Starting...
2024-11-22T13:01:07.685+05:30  INFO 23244 --- [Employee-Project] [main] com.zaxxer.hikari.pool.HikariPool        : HikariPool-1 - Added connection conn0: url=jdbc:h2:mem:testdb user=SA
2024-11-22T13:01:07.689+05:30  INFO 23244 --- [Employee-Project] [main] com.zaxxer.hikari.HikariDataSource       : HikariPool-1 - Start completed.
2024-11-22T13:01:07.703+05:30  INFO 23244 --- [Employee-Project] [main] o.s.b.a.h2.H2ConsoleAutoConfiguration    : H2 console available at '/h2-console'. Database available at 'jdbc:h2:mem:testdb'
2024-11-22T13:01:07.878+05:30  INFO 23244 --- [Employee-Project] [main] o.hibernate.jpa.internal.util.LogHelper  : HHH000204: Processing PersistenceUnitInfo [name: default]
2024-11-22T13:01:07.965+05:30  INFO 23244 --- [Employee-Project] [main] org.hibernate.Version                    : HHH000412: Hibernate ORM core version 6.6.2.Final
2024-11-22T13:01:08.003+05:30  INFO 23244 --- [Employee-Project] [main] o.h.c.internal.RegionFactoryInitiator    : HHH000026: Second-level cache disabled
2024-11-22T13:01:08.279+05:30  INFO 23244 --- [Employee-Project] [main] o.s.o.j.p.SpringPersistenceUnitInfo      : No LoadTimeWeaver setup: ignoring JPA class transformer
2024-11-22T13:01:08.355+05:30  INFO 23244 --- [Employee-Project] [main] org.hibernate.orm.connections.pooling    : HHH10001005: Database info:
	Database JDBC URL [Connecting through datasource 'HikariDataSource (HikariPool-1)']
	Database driver: undefined/unknown
	Database version: 2.3.232
	Autocommit mode: undefined/unknown
	Isolation level: undefined/unknown
	Minimum pool size: undefined/unknown
	Maximum pool size: undefined/unknown
2024-11-22T13:01:09.194+05:30  INFO 23244 --- [Employee-Project] [main] o.h.e.t.j.p.i.JtaPlatformInitiator       : HHH000489: No JTA platform available (set 'hibernate.transaction.jta.platform' to enable JTA platform integration)
2024-11-22T13:01:09.217+05:30  INFO 23244 --- [Employee-Project] [main] j.LocalContainerEntityManagerFactoryBean : Initialized JPA EntityManagerFactory for persistence unit 'default'
2024-11-22T13:01:09.487+05:30  WARN 23244 --- [Employee-Project] [main] JpaBaseConfiguration$JpaWebConfiguration : spring.jpa.open-in-view is enabled by default. Therefore, database queries may be performed during view rendering. Explicitly configure spring.jpa.open-in-view to disable this warning
2024-11-22T13:01:09.860+05:30  INFO 23244 --- [Employee-Project] [main] o.s.b.w.embedded.tomcat.TomcatWebServer  : Tomcat started on port 8082 (http) with context path '/'
2024-11-22T13:01:09.876+05:30  INFO 23244 --- [Employee-Project] [main] c.e.E.P.EmployeeProjectApplication       : Started EmployeeProjectApplication in 4.798 seconds (process running for 5.227)
2024-11-22T13:01:41.603+05:30  INFO 23244 --- [Employee-Project] [http-nio-8082-exec-8] o.a.c.c.C.[Tomcat].[localhost].[/]       : Initializing Spring DispatcherServlet 'dispatcherServlet'
2024-11-22T13:01:41.604+05:30  INFO 23244 --- [Employee-Project] [http-nio-8082-exec-8] o.s.web.servlet.DispatcherServlet        : Initializing Servlet 'dispatcherServlet'
2024-11-22T13:01:41.607+05:30  INFO 23244 --- [Employee-Project] [http-nio-8082-exec-8] o.s.web.servlet.DispatcherServlet        : Completed initialization in 3 ms
2024-11-22T13:10:25.292+05:30  INFO 23244 --- [Employee-Project] [SpringApplicationShutdownHook] o.s.b.w.e.tomcat.GracefulShutdown        : Commencing graceful shutdown. Waiting for active requests to complete
2024-11-22T13:10:25.732+05:30  INFO 23244 --- [Employee-Project] [tomcat-shutdown] o.s.b.w.e.tomcat.GracefulShutdown        : Graceful shutdown complete
2024-11-22T13:10:25.737+05:30  INFO 23244 --- [Employee-Project] [SpringApplicationShutdownHook] j.LocalContainerEntityManagerFactoryBean : Closing JPA EntityManagerFactory for persistence unit 'default'
2024-11-22T13:10:25.743+05:30  INFO 23244 --- [Employee-Project] [SpringApplicationShutdownHook] com.zaxxer.hikari.HikariDataSource       : HikariPool-1 - Shutdown initiated...
2024-11-22T13:10:25.746+05:30  INFO 23244 --- [Employee-Project] [SpringApplicationShutdownHook] com.zaxxer.hikari.HikariDataSource       : HikariPool-1 - Shutdown completed.
